#
# There is insufficient memory for the Java Runtime Environment to continue.
# Native memory allocation (malloc) failed to allocate 1282896 bytes. Error detail: Chunk::new
# Possible reasons:
#   The system is out of physical RAM or swap space
#   This process is running with CompressedOops enabled, and the Java Heap may be blocking the growth of the native heap
# Possible solutions:
#   Reduce memory load on the system
#   Increase physical memory or swap space
#   Check if swap backing store is full
#   Decrease Java heap size (-Xmx/-Xms)
#   Decrease number of Java threads
#   Decrease Java thread stack sizes (-Xss)
#   Set larger code cache with -XX:ReservedCodeCacheSize=
#   JVM is running with Unscaled Compressed Oops mode in which the Java heap is
#     placed in the first 4GB address space. The Java Heap base address is the
#     maximum limit for the native heap growth. Please use -XX:HeapBaseMinAddress
#     to set the Java Heap base and to place the Java Heap above 4GB virtual address.
# This output file may be truncated or incomplete.
#
#  Out of Memory Error (arena.cpp:168), pid=25268, tid=12168
#
# JRE version: OpenJDK Runtime Environment Temurin-21.0.8+9 (21.0.8+9) (build 21.0.8+9-LTS)
# Java VM: OpenJDK 64-Bit Server VM Temurin-21.0.8+9 (21.0.8+9-LTS, mixed mode, sharing, tiered, compressed oops, compressed class ptrs, parallel gc, windows-amd64)
# No core dump will be written. Minidumps are not enabled by default on client versions of Windows
#

---------------  S U M M A R Y ------------

Command Line: --add-modules=ALL-SYSTEM --add-opens=java.base/java.util=ALL-UNNAMED --add-opens=java.base/java.lang=ALL-UNNAMED --add-opens=java.base/sun.nio.fs=ALL-UNNAMED -Declipse.application=org.eclipse.jdt.ls.core.id1 -Dosgi.bundles.defaultStartLevel=4 -Declipse.product=org.eclipse.jdt.ls.core.product -Djava.import.generatesMetadataFilesAtProjectRoot=false -DDetectVMInstallationsJob.disabled=true -Dfile.encoding=utf8 -XX:+UseParallelGC -XX:GCTimeRatio=4 -XX:AdaptiveSizePolicyWeight=90 -Dsun.zip.disableMemoryMapping=true -Xmx2G -Xms100m -Xlog:disable -javaagent:c:\Users\USER\.kiro\extensions\redhat.java-1.44.0-win32-x64\lombok\lombok-1.18.39-4050.jar -XX:+HeapDumpOnOutOfMemoryError -XX:HeapDumpPath=c:\Users\USER\AppData\Roaming\Kiro\User\workspaceStorage\8b78469361ffc1b4ae828c13530acb72\redhat.java -Daether.dependencyCollector.impl=bf c:\Users\USER\.kiro\extensions\redhat.java-1.44.0-win32-x64\server\plugins\org.eclipse.equinox.launcher_1.7.0.v20250519-0528.jar -configuration c:\Users\USER\AppData\Roaming\Kiro\User\globalStorage\redhat.java\1.44.0\config_win -data c:\Users\USER\AppData\Roaming\Kiro\User\workspaceStorage\8b78469361ffc1b4ae828c13530acb72\redhat.java\jdt_ws --pipe=\\.\pipe\lsp-85ebdad8d9ac5439318b92d603b05507-sock

Host: AMD Ryzen 5 5600G with Radeon Graphics         , 12 cores, 13G,  Windows 11 , 64 bit Build 26100 (10.0.26100.4484)
Time: Mon Aug  4 01:32:28 2025 Hora est. Pacífico, Sudamérica elapsed time: 8.442456 seconds (0d 0h 0m 8s)

---------------  T H R E A D  ---------------

Current thread (0x000002758e24d860):  JavaThread "C2 CompilerThread0" daemon [_thread_in_native, id=12168, stack(0x0000009745000000,0x0000009745100000) (1024K)]


Current CompileTask:
C2:8442 11263   !   4       org.eclipse.osgi.internal.loader.classpath.ClasspathManager::defineClass (636 bytes)

Stack: [0x0000009745000000,0x0000009745100000]
Native frames: (J=compiled Java code, j=interpreted, Vv=VM code, C=native code)
V  [jvm.dll+0x6d2449]
V  [jvm.dll+0x8ae341]
V  [jvm.dll+0x8b08be]
V  [jvm.dll+0x8b0fa3]
V  [jvm.dll+0x280c96]
V  [jvm.dll+0xc581d]
V  [jvm.dll+0xc5d53]
V  [jvm.dll+0x2f539d]
V  [jvm.dll+0x5fa00a]
V  [jvm.dll+0x252092]
V  [jvm.dll+0x25244f]
V  [jvm.dll+0x24ad14]
V  [jvm.dll+0x2483a4]
V  [jvm.dll+0x1c89ee]
V  [jvm.dll+0x257d4d]
V  [jvm.dll+0x2562ea]
V  [jvm.dll+0x3f2d16]
V  [jvm.dll+0x857e6b]
V  [jvm.dll+0x6d0b0d]
C  [ucrtbase.dll+0x37b0]
C  [KERNEL32.DLL+0x2e8d7]
C  [ntdll.dll+0x3c34c]


---------------  P R O C E S S  ---------------

Threads class SMR info:
_java_thread_list=0x00000275ecb60790, length=76, elements={
0x000002758bdf7170, 0x000002758e3556b0, 0x000002758e356460, 0x000002758e243870,
0x000002758e244540, 0x000002758e249ed0, 0x000002758e24a920, 0x000002758e24d860,
0x00000275e6a97b20, 0x00000275e6b144b0, 0x00000275e6c36270, 0x00000275ec016ff0,
0x00000275ec1533f0, 0x00000275ec9d0320, 0x00000275ec8622b0, 0x00000275ec7d5ff0,
0x00000275ec7e0b30, 0x00000275ecf36190, 0x00000275ecede1b0, 0x00000275ecbd3000,
0x00000275ecbd3d20, 0x00000275ecbd3690, 0x00000275ecbd43b0, 0x00000275ecbd50d0,
0x00000275ecbd4a40, 0x00000275ecbd5760, 0x00000275ecbd5df0, 0x00000275ecbd6480,
0x00000275ed3aa6c0, 0x00000275ed3ac790, 0x00000275ed3ab3e0, 0x00000275ed3ace20,
0x00000275ed3adb40, 0x00000275ed3ac100, 0x00000275ed3ae1d0, 0x00000275ed3ad4b0,
0x00000275ed3aad50, 0x00000275ed3ae860, 0x00000275ed3aba70, 0x00000275ed3b1ce0,
0x00000275ed3aeef0, 0x00000275ed3af580, 0x00000275ed3b0fc0, 0x00000275ed3b02a0,
0x00000275ed3afc10, 0x00000275ed3b0930, 0x00000275f1b78320, 0x00000275f1b7a3f0,
0x00000275f1b77600, 0x00000275f1b77c90, 0x00000275f1b789b0, 0x00000275f1b7aa80,
0x00000275f1b7b110, 0x00000275f1b79d60, 0x00000275f1b7b7a0, 0x00000275f1b7c4c0,
0x00000275f1b7be30, 0x00000275f1b79040, 0x00000275f1b7cb50, 0x00000275f1b796d0,
0x00000275f1b7ec20, 0x00000275f1b7d1e0, 0x00000275f1b7d870, 0x00000275f1b7df00,
0x00000275f1b7e590, 0x00000275ef723b20, 0x00000275ef7241b0, 0x00000275ef722770,
0x00000275ef722e00, 0x00000275ef726910, 0x00000275ef724ed0, 0x00000275ef726280,
0x00000275ef725560, 0x00000275ef726fa0, 0x00000275ef727630, 0x00000275ef727cc0
}

Java Threads: ( => current thread )
  0x000002758bdf7170 JavaThread "main"                              [_thread_blocked, id=6128, stack(0x0000009744600000,0x0000009744700000) (1024K)]
  0x000002758e3556b0 JavaThread "Reference Handler"          daemon [_thread_blocked, id=10224, stack(0x0000009744a00000,0x0000009744b00000) (1024K)]
  0x000002758e356460 JavaThread "Finalizer"                  daemon [_thread_blocked, id=15832, stack(0x0000009744b00000,0x0000009744c00000) (1024K)]
  0x000002758e243870 JavaThread "Signal Dispatcher"          daemon [_thread_blocked, id=21292, stack(0x0000009744c00000,0x0000009744d00000) (1024K)]
  0x000002758e244540 JavaThread "Attach Listener"            daemon [_thread_blocked, id=3120, stack(0x0000009744d00000,0x0000009744e00000) (1024K)]
  0x000002758e249ed0 JavaThread "Service Thread"             daemon [_thread_blocked, id=22440, stack(0x0000009744e00000,0x0000009744f00000) (1024K)]
  0x000002758e24a920 JavaThread "Monitor Deflation Thread"   daemon [_thread_blocked, id=2436, stack(0x0000009744f00000,0x0000009745000000) (1024K)]
=>0x000002758e24d860 JavaThread "C2 CompilerThread0"         daemon [_thread_in_native, id=12168, stack(0x0000009745000000,0x0000009745100000) (1024K)]
  0x00000275e6a97b20 JavaThread "C1 CompilerThread0"         daemon [_thread_blocked, id=2716, stack(0x0000009745100000,0x0000009745200000) (1024K)]
  0x00000275e6b144b0 JavaThread "Common-Cleaner"             daemon [_thread_blocked, id=21904, stack(0x0000009745200000,0x0000009745300000) (1024K)]
  0x00000275e6c36270 JavaThread "C2 CompilerThread1"         daemon [_thread_blocked, id=20012, stack(0x0000009745300000,0x0000009745400000) (1024K)]
  0x00000275ec016ff0 JavaThread "Notification Thread"        daemon [_thread_blocked, id=21612, stack(0x0000009745400000,0x0000009745500000) (1024K)]
  0x00000275ec1533f0 JavaThread "C2 CompilerThread2"         daemon [_thread_in_native, id=9964, stack(0x0000009745500000,0x0000009745600000) (1024K)]
  0x00000275ec9d0320 JavaThread "Active Thread: Equinox Container: 734a9b36-9422-4188-8ea9-a8b876a6b23b"        [_thread_blocked, id=1588, stack(0x0000009745c00000,0x0000009745d00000) (1024K)]
  0x00000275ec8622b0 JavaThread "Refresh Thread: Equinox Container: 734a9b36-9422-4188-8ea9-a8b876a6b23b" daemon [_thread_blocked, id=21140, stack(0x0000009745e00000,0x0000009745f00000) (1024K)]
  0x00000275ec7d5ff0 JavaThread "Framework Event Dispatcher: Equinox Container: 734a9b36-9422-4188-8ea9-a8b876a6b23b" daemon [_thread_blocked, id=1516, stack(0x0000009745f00000,0x0000009746000000) (1024K)]
  0x00000275ec7e0b30 JavaThread "Start Level: Equinox Container: 734a9b36-9422-4188-8ea9-a8b876a6b23b" daemon [_thread_blocked, id=22408, stack(0x0000009746000000,0x0000009746100000) (1024K)]
  0x00000275ecf36190 JavaThread "Bundle File Closer"         daemon [_thread_blocked, id=12876, stack(0x0000009746300000,0x0000009746400000) (1024K)]
  0x00000275ecede1b0 JavaThread "SCR Component Actor"        daemon [_thread_blocked, id=4404, stack(0x0000009746400000,0x0000009746500000) (1024K)]
  0x00000275ecbd3000 JavaThread "Worker-JM"                         [_thread_blocked, id=23008, stack(0x0000009746600000,0x0000009746700000) (1024K)]
  0x00000275ecbd3d20 JavaThread "JNA Cleaner"                daemon [_thread_blocked, id=20796, stack(0x0000009746700000,0x0000009746800000) (1024K)]
  0x00000275ecbd3690 JavaThread "Worker-0"                          [_thread_blocked, id=7804, stack(0x0000009746800000,0x0000009746900000) (1024K)]
  0x00000275ecbd43b0 JavaThread "Worker-1"                          [_thread_blocked, id=19996, stack(0x0000009746900000,0x0000009746a00000) (1024K)]
  0x00000275ecbd50d0 JavaThread "Java indexing"              daemon [_thread_in_vm, id=21108, stack(0x0000009746a00000,0x0000009746b00000) (1024K)]
  0x00000275ecbd4a40 JavaThread "Worker-2: Java indexing... "        [_thread_blocked, id=11052, stack(0x0000009746e00000,0x0000009746f00000) (1024K)]
  0x00000275ecbd5760 JavaThread "Worker-3: Building"                [_thread_in_vm, id=10676, stack(0x0000009746f00000,0x0000009747000000) (1024K)]
  0x00000275ecbd5df0 JavaThread "Thread-2"                   daemon [_thread_in_native, id=23824, stack(0x0000009747000000,0x0000009747100000) (1024K)]
  0x00000275ecbd6480 JavaThread "Thread-3"                   daemon [_thread_in_native, id=10996, stack(0x0000009747100000,0x0000009747200000) (1024K)]
  0x00000275ed3aa6c0 JavaThread "Thread-4"                   daemon [_thread_in_native, id=5708, stack(0x0000009747200000,0x0000009747300000) (1024K)]
  0x00000275ed3ac790 JavaThread "Thread-5"                   daemon [_thread_in_native, id=23300, stack(0x0000009747300000,0x0000009747400000) (1024K)]
  0x00000275ed3ab3e0 JavaThread "Thread-6"                   daemon [_thread_in_native, id=9900, stack(0x0000009747400000,0x0000009747500000) (1024K)]
  0x00000275ed3ace20 JavaThread "Thread-7"                   daemon [_thread_in_native, id=2364, stack(0x0000009747500000,0x0000009747600000) (1024K)]
  0x00000275ed3adb40 JavaThread "Thread-8"                   daemon [_thread_in_native, id=2740, stack(0x0000009747600000,0x0000009747700000) (1024K)]
  0x00000275ed3ac100 JavaThread "Thread-9"                   daemon [_thread_in_native, id=10340, stack(0x0000009747700000,0x0000009747800000) (1024K)]
  0x00000275ed3ae1d0 JavaThread "Thread-10"                  daemon [_thread_in_native, id=7860, stack(0x0000009747800000,0x0000009747900000) (1024K)]
  0x00000275ed3ad4b0 JavaThread "Thread-11"                  daemon [_thread_in_native, id=1612, stack(0x0000009747900000,0x0000009747a00000) (1024K)]
  0x00000275ed3aad50 JavaThread "Thread-12"                  daemon [_thread_in_native, id=5348, stack(0x0000009747a00000,0x0000009747b00000) (1024K)]
  0x00000275ed3ae860 JavaThread "Thread-13"                  daemon [_thread_in_native, id=15636, stack(0x0000009747b00000,0x0000009747c00000) (1024K)]
  0x00000275ed3aba70 JavaThread "Thread-14"                  daemon [_thread_in_native, id=22560, stack(0x0000009747c00000,0x0000009747d00000) (1024K)]
  0x00000275ed3b1ce0 JavaThread "pool-2-thread-1"                   [_thread_blocked, id=10768, stack(0x0000009747d00000,0x0000009747e00000) (1024K)]
  0x00000275ed3aeef0 JavaThread "WorkspaceEventsHandler"            [_thread_blocked, id=12072, stack(0x0000009747e00000,0x0000009747f00000) (1024K)]
  0x00000275ed3af580 JavaThread "pool-1-thread-1"                   [_thread_blocked, id=23864, stack(0x0000009747f00000,0x0000009748000000) (1024K)]
  0x00000275ed3b0fc0 JavaThread "Worker-4"                          [_thread_blocked, id=22364, stack(0x0000009748000000,0x0000009748100000) (1024K)]
  0x00000275ed3b02a0 JavaThread "LocalFile Deleter"          daemon [_thread_blocked, id=24896, stack(0x0000009748100000,0x0000009748200000) (1024K)]
  0x00000275ed3afc10 JavaThread "LocalFile Deleter"          daemon [_thread_blocked, id=22360, stack(0x0000009748200000,0x0000009748300000) (1024K)]
  0x00000275ed3b0930 JavaThread "LocalFile Deleter"          daemon [_thread_blocked, id=3296, stack(0x0000009748300000,0x0000009748400000) (1024K)]
  0x00000275f1b78320 JavaThread "LocalFile Deleter"          daemon [_thread_blocked, id=26280, stack(0x0000009748400000,0x0000009748500000) (1024K)]
  0x00000275f1b7a3f0 JavaThread "LocalFile Deleter"          daemon [_thread_blocked, id=13316, stack(0x0000009748500000,0x0000009748600000) (1024K)]
  0x00000275f1b77600 JavaThread "LocalFile Deleter"          daemon [_thread_blocked, id=5044, stack(0x0000009748600000,0x0000009748700000) (1024K)]
  0x00000275f1b77c90 JavaThread "LocalFile Deleter"          daemon [_thread_blocked, id=9484, stack(0x0000009748700000,0x0000009748800000) (1024K)]
  0x00000275f1b789b0 JavaThread "LocalFile Deleter"          daemon [_thread_blocked, id=21248, stack(0x0000009748800000,0x0000009748900000) (1024K)]
  0x00000275f1b7aa80 JavaThread "LocalFile Deleter"          daemon [_thread_blocked, id=26256, stack(0x0000009748900000,0x0000009748a00000) (1024K)]
  0x00000275f1b7b110 JavaThread "LocalFile Deleter"          daemon [_thread_blocked, id=9480, stack(0x0000009748a00000,0x0000009748b00000) (1024K)]
  0x00000275f1b79d60 JavaThread "LocalFile Deleter"          daemon [_thread_blocked, id=15364, stack(0x0000009748b00000,0x0000009748c00000) (1024K)]
  0x00000275f1b7b7a0 JavaThread "LocalFile Deleter"          daemon [_thread_blocked, id=12400, stack(0x0000009748c00000,0x0000009748d00000) (1024K)]
  0x00000275f1b7c4c0 JavaThread "Compiler Source File Reader" daemon [_thread_blocked, id=22592, stack(0x0000009748d00000,0x0000009748e00000) (1024K)]
  0x00000275f1b7be30 JavaThread "Compiler Source File Reader" daemon [_thread_blocked, id=21244, stack(0x0000009748e00000,0x0000009748f00000) (1024K)]
  0x00000275f1b79040 JavaThread "Compiler Source File Reader" daemon [_thread_blocked, id=26228, stack(0x0000009748f00000,0x0000009749000000) (1024K)]
  0x00000275f1b7cb50 JavaThread "Compiler Source File Reader" daemon [_thread_blocked, id=1532, stack(0x0000009749000000,0x0000009749100000) (1024K)]
  0x00000275f1b796d0 JavaThread "Compiler Source File Reader" daemon [_thread_blocked, id=24824, stack(0x0000009749100000,0x0000009749200000) (1024K)]
  0x00000275f1b7ec20 JavaThread "Compiler Source File Reader" daemon [_thread_blocked, id=25188, stack(0x0000009749200000,0x0000009749300000) (1024K)]
  0x00000275f1b7d1e0 JavaThread "Compiler Source File Reader" daemon [_thread_blocked, id=24760, stack(0x0000009749300000,0x0000009749400000) (1024K)]
  0x00000275f1b7d870 JavaThread "Compiler Source File Reader" daemon [_thread_blocked, id=25256, stack(0x0000009749400000,0x0000009749500000) (1024K)]
  0x00000275f1b7df00 JavaThread "Compiler Source File Reader" daemon [_thread_blocked, id=22252, stack(0x0000009749500000,0x0000009749600000) (1024K)]
  0x00000275f1b7e590 JavaThread "Compiler Source File Reader" daemon [_thread_blocked, id=22616, stack(0x0000009749600000,0x0000009749700000) (1024K)]
  0x00000275ef723b20 JavaThread "Compiler Processing Task"   daemon [_thread_blocked, id=8368, stack(0x0000009749700000,0x0000009749800000) (1024K)]
  0x00000275ef7241b0 JavaThread "Compiler Class File Writer" daemon [_thread_blocked, id=12720, stack(0x0000009749800000,0x0000009749900000) (1024K)]
  0x00000275ef722770 JavaThread "Compiler Class File Writer" daemon [_thread_blocked, id=22916, stack(0x0000009749900000,0x0000009749a00000) (1024K)]
  0x00000275ef722e00 JavaThread "Compiler Class File Writer" daemon [_thread_blocked, id=11528, stack(0x0000009749a00000,0x0000009749b00000) (1024K)]
  0x00000275ef726910 JavaThread "Compiler Class File Writer" daemon [_thread_blocked, id=23152, stack(0x0000009749b00000,0x0000009749c00000) (1024K)]
  0x00000275ef724ed0 JavaThread "Compiler Class File Writer" daemon [_thread_blocked, id=20728, stack(0x0000009749c00000,0x0000009749d00000) (1024K)]
  0x00000275ef726280 JavaThread "Compiler Class File Writer" daemon [_thread_blocked, id=21240, stack(0x0000009749d00000,0x0000009749e00000) (1024K)]
  0x00000275ef725560 JavaThread "Compiler Class File Writer" daemon [_thread_blocked, id=25140, stack(0x0000009749e00000,0x0000009749f00000) (1024K)]
  0x00000275ef726fa0 JavaThread "Compiler Class File Writer" daemon [_thread_blocked, id=11256, stack(0x0000009749f00000,0x000000974a000000) (1024K)]
  0x00000275ef727630 JavaThread "Compiler Class File Writer" daemon [_thread_blocked, id=25044, stack(0x000000974a000000,0x000000974a100000) (1024K)]
  0x00000275ef727cc0 JavaThread "Compiler Class File Writer" daemon [_thread_blocked, id=6724, stack(0x000000974a100000,0x000000974a200000) (1024K)]
Total: 76

Other Threads:
  0x000002758e34dc20 VMThread "VM Thread"                           [id=12772, stack(0x0000009744900000,0x0000009744a00000) (1024K)]
  0x000002758e33bf30 WatcherThread "VM Periodic Task Thread"        [id=10044, stack(0x0000009744800000,0x0000009744900000) (1024K)]
  0x000002758e330950 WorkerThread "GC Thread#0"                     [id=10412, stack(0x0000009744700000,0x0000009744800000) (1024K)]
  0x00000275ec74d630 WorkerThread "GC Thread#1"                     [id=22076, stack(0x0000009745600000,0x0000009745700000) (1024K)]
  0x00000275ec83ac10 WorkerThread "GC Thread#2"                     [id=692, stack(0x0000009745700000,0x0000009745800000) (1024K)]
  0x00000275ec83afb0 WorkerThread "GC Thread#3"                     [id=22040, stack(0x0000009745800000,0x0000009745900000) (1024K)]
  0x00000275ec7f7580 WorkerThread "GC Thread#4"                     [id=12944, stack(0x0000009745900000,0x0000009745a00000) (1024K)]
  0x00000275ec7f7920 WorkerThread "GC Thread#5"                     [id=6532, stack(0x0000009745a00000,0x0000009745b00000) (1024K)]
  0x00000275ec596420 WorkerThread "GC Thread#6"                     [id=21812, stack(0x0000009745b00000,0x0000009745c00000) (1024K)]
  0x00000275ec90b500 WorkerThread "GC Thread#7"                     [id=21512, stack(0x0000009745d00000,0x0000009745e00000) (1024K)]
  0x00000275ecf89c20 WorkerThread "GC Thread#8"                     [id=5560, stack(0x0000009746100000,0x0000009746200000) (1024K)]
  0x00000275ecede9f0 WorkerThread "GC Thread#9"                     [id=21360, stack(0x0000009746200000,0x0000009746300000) (1024K)]
Total: 12

Threads with active compile tasks:
C2 CompilerThread0  8471 11263   !   4       org.eclipse.osgi.internal.loader.classpath.ClasspathManager::defineClass (636 bytes)
C2 CompilerThread2  8471 11301       4       java.lang.reflect.Field::set (43 bytes)
Total: 2

VM state: not at safepoint (normal execution)

VM Mutex/Monitor currently owned by a thread:  ([mutex/lock_event])
[0x00007fff1afd3458] Metaspace_lock - owner thread: 0x00000275ecbd5760

Heap address: 0x0000000080000000, size: 2048 MB, Compressed Oops mode: 32-bit

CDS archive(s) mapped at: [0x00000275a5000000-0x00000275a5ba0000-0x00000275a5ba0000), size 12189696, SharedBaseAddress: 0x00000275a5000000, ArchiveRelocationMode: 1.
Compressed class space mapped at: 0x00000275a6000000-0x00000275e6000000, reserved size: 1073741824
Narrow klass base: 0x00000275a5000000, Narrow klass shift: 0, Narrow klass range: 0x100000000

GC Precious Log:
 CardTable entry size: 512
 CPUs: 12 total, 12 available
 Memory: 14229M
 Large Page Support: Disabled
 NUMA Support: Disabled
 Compressed Oops: Enabled (32-bit)
 Alignments: Space 512K, Generation 512K, Heap 2M
 Heap Min Capacity: 100M
 Heap Initial Capacity: 100M
 Heap Max Capacity: 2G
 Pre-touch: Disabled
 Parallel Workers: 10

Heap:
 PSYoungGen      total 3072K, used 1917K [0x00000000d5580000, 0x00000000d5a00000, 0x0000000100000000)
  eden space 2048K, 65% used [0x00000000d5580000,0x00000000d56cf5c0,0x00000000d5780000)
  from space 1024K, 56% used [0x00000000d5780000,0x00000000d5810000,0x00000000d5880000)
  to   space 1024K, 0% used [0x00000000d5900000,0x00000000d5900000,0x00000000d5a00000)
 ParOldGen       total 357888K, used 357682K [0x0000000080000000, 0x0000000095d80000, 0x00000000d5580000)
  object space 357888K, 99% used [0x0000000080000000,0x0000000095d4cb18,0x0000000095d80000)
 Metaspace       used 61470K, committed 62848K, reserved 1114112K
  class space    used 6473K, committed 7104K, reserved 1048576K

Card table byte_map: [0x000002758dc40000,0x000002758e050000] _byte_map_base: 0x000002758d840000

Marking Bits: (ParMarkBitMap*) 0x00007fff1afda340
 Begin Bits: [0x00000275a0740000, 0x00000275a2740000)
 End Bits:   [0x00000275a2740000, 0x00000275a4740000)

Polling page: 0x000002758bff0000

Metaspace:

Usage:
  Non-class:     53.71 MB used.
      Class:      6.32 MB used.
       Both:     60.03 MB used.

Virtual space:
  Non-class space:       64.00 MB reserved,      54.44 MB ( 85%) committed,  1 nodes.
      Class space:        1.00 GB reserved,       6.94 MB ( <1%) committed,  1 nodes.
             Both:        1.06 GB reserved,      61.38 MB (  6%) committed. 

Chunk freelists:
   Non-Class:  8.80 MB
       Class:  9.09 MB
        Both:  17.88 MB

MaxMetaspaceSize: unlimited
CompressedClassSpaceSize: 1.00 GB
Initial GC threshold: 21.00 MB
Current GC threshold: 97.31 MB
CDS: on
 - commit_granule_bytes: 65536.
 - commit_granule_words: 8192.
 - virtual_space_node_default_size: 8388608.
 - enlarge_chunks_in_place: 1.
 - use_allocation_guard: 0.


Internal statistics:

num_allocs_failed_limit: 9.
num_arena_births: 1234.
num_arena_deaths: 14.
num_vsnodes_births: 2.
num_vsnodes_deaths: 0.
num_space_committed: 982.
num_space_uncommitted: 0.
num_chunks_returned_to_freelist: 23.
num_chunks_taken_from_freelist: 4094.
num_chunk_merges: 10.
num_chunk_splits: 2546.
num_chunks_enlarged: 1493.
num_inconsistent_stats: 0.

CodeHeap 'non-profiled nmethods': size=120000Kb used=6651Kb max_used=6651Kb free=113348Kb
 bounds [0x0000027598f60000, 0x00000275995e0000, 0x00000275a0490000]
CodeHeap 'profiled nmethods': size=120000Kb used=22837Kb max_used=22837Kb free=97162Kb
 bounds [0x0000027591490000, 0x0000027592ae0000, 0x00000275989c0000]
CodeHeap 'non-nmethods': size=5760Kb used=1421Kb max_used=1494Kb free=4339Kb
 bounds [0x00000275989c0000, 0x0000027598c30000, 0x0000027598f60000]
CodeCache: size=245760Kb, used=30909Kb, max_used=30982Kb, free=214849Kb
 total_blobs=11413, nmethods=10681, adapters=638, full_count=0
Compilation: enabled, stopped_count=0, restarted_count=0

Compilation events (20 events):
Event: 8.419 Thread 0x00000275e6a97b20 11486       3       com.google.common.collect.RegularImmutableSet::iterator (8 bytes)
Event: 8.419 Thread 0x00000275e6a97b20 nmethod 11486 0x0000027592ada910 code [0x0000027592adab20, 0x0000027592adb170]
Event: 8.419 Thread 0x00000275e6a97b20 11487       3       com.google.common.collect.Iterators::forArray (6 bytes)
Event: 8.420 Thread 0x00000275e6a97b20 nmethod 11487 0x0000027592adb490 code [0x0000027592adb6a0, 0x0000027592adbc70]
Event: 8.420 Thread 0x00000275ec1533f0 nmethod 11472 0x00000275995d5090 code [0x00000275995d5240, 0x00000275995d5410]
Event: 8.420 Thread 0x00000275ec1533f0 11308       4       java.util.Collections$UnmodifiableMap$UnmodifiableEntrySet$1::next (5 bytes)
Event: 8.424 Thread 0x00000275e6a97b20 11489       3       java.util.concurrent.ConcurrentHashMap::addCount (280 bytes)
Event: 8.425 Thread 0x00000275e6a97b20 nmethod 11489 0x0000027592adbf10 code [0x0000027592adc160, 0x0000027592adca50]
Event: 8.426 Thread 0x00000275ec1533f0 nmethod 11308 0x00000275995d5590 code [0x00000275995d5740, 0x00000275995d5a88]
Event: 8.426 Thread 0x00000275ec1533f0 11490       4       org.eclipse.osgi.internal.container.KeyBasedLockStore::getLock (105 bytes)
Event: 8.429 Thread 0x00000275e6a97b20 11491       3       java.util.jar.JarFile::match (132 bytes)
Event: 8.429 Thread 0x00000275e6a97b20 nmethod 11491 0x0000027592adcd90 code [0x0000027592adcf80, 0x0000027592add4b0]
Event: 8.430 Thread 0x00000275e6c36270 nmethod 11456 0x00000275995d5d10 code [0x00000275995d5fc0, 0x00000275995d6d78]
Event: 8.430 Thread 0x00000275e6c36270 11309       4       java.util.Collections$UnmodifiableMap$UnmodifiableEntrySet$UnmodifiableEntry::getValue (10 bytes)
Event: 8.431 Thread 0x00000275e6c36270 nmethod 11309 0x00000275995d7810 code [0x00000275995d79a0, 0x00000275995d7a70]
Event: 8.431 Thread 0x00000275e6c36270 11310       4       java.util.Collections$UnmodifiableMap$UnmodifiableEntrySet$UnmodifiableEntry::getKey (10 bytes)
Event: 8.431 Thread 0x00000275e6c36270 nmethod 11310 0x00000275995d7b10 code [0x00000275995d7ca0, 0x00000275995d7d70]
Event: 8.431 Thread 0x00000275e6c36270 11483       4       com.google.inject.internal.DeclaredMembers$$Lambda/0x00000275a6490228::apply (8 bytes)
Event: 8.431 Thread 0x00000275e6c36270 nmethod 11483 0x00000275995d7e10 code [0x00000275995d7fa0, 0x00000275995d8068]
Event: 8.431 Thread 0x00000275e6c36270 11413       4       java.lang.StringBuilder::append (9 bytes)

GC Heap History (20 events):
Event: 8.267 GC heap before
{Heap before GC invocations=377 (full 3):
 PSYoungGen      total 3584K, used 3258K [0x00000000d5580000, 0x00000000d5a00000, 0x0000000100000000)
  eden space 2560K, 99% used [0x00000000d5580000,0x00000000d57fe158,0x00000000d5800000)
  from space 1024K, 68% used [0x00000000d5800000,0x00000000d58b0998,0x00000000d5900000)
  to   space 1024K, 0% used [0x00000000d5900000,0x00000000d5900000,0x00000000d5a00000)
 ParOldGen       total 353280K, used 353026K [0x0000000080000000, 0x0000000095900000, 0x00000000d5580000)
  object space 353280K, 99% used [0x0000000080000000,0x00000000958c0ad8,0x0000000095900000)
 Metaspace       used 60990K, committed 62336K, reserved 1114112K
  class space    used 6412K, committed 7040K, reserved 1048576K
}
Event: 8.269 GC heap after
{Heap after GC invocations=377 (full 3):
 PSYoungGen      total 3072K, used 352K [0x00000000d5580000, 0x00000000d5980000, 0x0000000100000000)
  eden space 2560K, 0% used [0x00000000d5580000,0x00000000d5580000,0x00000000d5800000)
  from space 512K, 68% used [0x00000000d5900000,0x00000000d5958000,0x00000000d5980000)
  to   space 512K, 0% used [0x00000000d5880000,0x00000000d5880000,0x00000000d5900000)
 ParOldGen       total 353792K, used 353522K [0x0000000080000000, 0x0000000095980000, 0x00000000d5580000)
  object space 353792K, 99% used [0x0000000080000000,0x000000009593cad8,0x0000000095980000)
 Metaspace       used 60990K, committed 62336K, reserved 1114112K
  class space    used 6412K, committed 7040K, reserved 1048576K
}
Event: 8.295 GC heap before
{Heap before GC invocations=378 (full 3):
 PSYoungGen      total 3072K, used 2898K [0x00000000d5580000, 0x00000000d5980000, 0x0000000100000000)
  eden space 2560K, 99% used [0x00000000d5580000,0x00000000d57fc9e8,0x00000000d5800000)
  from space 512K, 68% used [0x00000000d5900000,0x00000000d5958000,0x00000000d5980000)
  to   space 512K, 0% used [0x00000000d5880000,0x00000000d5880000,0x00000000d5900000)
 ParOldGen       total 353792K, used 353522K [0x0000000080000000, 0x0000000095980000, 0x00000000d5580000)
  object space 353792K, 99% used [0x0000000080000000,0x000000009593cad8,0x0000000095980000)
 Metaspace       used 61055K, committed 62400K, reserved 1114112K
  class space    used 6420K, committed 7040K, reserved 1048576K
}
Event: 8.296 GC heap after
{Heap after GC invocations=378 (full 3):
 PSYoungGen      total 3072K, used 512K [0x00000000d5580000, 0x00000000d5a00000, 0x0000000100000000)
  eden space 2560K, 0% used [0x00000000d5580000,0x00000000d5580000,0x00000000d5800000)
  from space 512K, 100% used [0x00000000d5880000,0x00000000d5900000,0x00000000d5900000)
  to   space 1024K, 0% used [0x00000000d5900000,0x00000000d5900000,0x00000000d5a00000)
 ParOldGen       total 353792K, used 353674K [0x0000000080000000, 0x0000000095980000, 0x00000000d5580000)
  object space 353792K, 99% used [0x0000000080000000,0x0000000095962ad8,0x0000000095980000)
 Metaspace       used 61055K, committed 62400K, reserved 1114112K
  class space    used 6420K, committed 7040K, reserved 1048576K
}
Event: 8.321 GC heap before
{Heap before GC invocations=379 (full 3):
 PSYoungGen      total 3072K, used 3072K [0x00000000d5580000, 0x00000000d5a00000, 0x0000000100000000)
  eden space 2560K, 100% used [0x00000000d5580000,0x00000000d5800000,0x00000000d5800000)
  from space 512K, 100% used [0x00000000d5880000,0x00000000d5900000,0x00000000d5900000)
  to   space 1024K, 0% used [0x00000000d5900000,0x00000000d5900000,0x00000000d5a00000)
 ParOldGen       total 353792K, used 353674K [0x0000000080000000, 0x0000000095980000, 0x00000000d5580000)
  object space 353792K, 99% used [0x0000000080000000,0x0000000095962ad8,0x0000000095980000)
 Metaspace       used 61118K, committed 62464K, reserved 1114112K
  class space    used 6427K, committed 7040K, reserved 1048576K
}
Event: 8.322 GC heap after
{Heap after GC invocations=379 (full 3):
 PSYoungGen      total 3584K, used 672K [0x00000000d5580000, 0x00000000d5a00000, 0x0000000100000000)
  eden space 2560K, 0% used [0x00000000d5580000,0x00000000d5580000,0x00000000d5800000)
  from space 1024K, 65% used [0x00000000d5900000,0x00000000d59a8000,0x00000000d5a00000)
  to   space 1024K, 0% used [0x00000000d5800000,0x00000000d5800000,0x00000000d5900000)
 ParOldGen       total 354304K, used 354026K [0x0000000080000000, 0x0000000095a00000, 0x00000000d5580000)
  object space 354304K, 99% used [0x0000000080000000,0x00000000959baad8,0x0000000095a00000)
 Metaspace       used 61118K, committed 62464K, reserved 1114112K
  class space    used 6427K, committed 7040K, reserved 1048576K
}
Event: 8.337 GC heap before
{Heap before GC invocations=380 (full 3):
 PSYoungGen      total 3584K, used 3232K [0x00000000d5580000, 0x00000000d5a00000, 0x0000000100000000)
  eden space 2560K, 100% used [0x00000000d5580000,0x00000000d5800000,0x00000000d5800000)
  from space 1024K, 65% used [0x00000000d5900000,0x00000000d59a8000,0x00000000d5a00000)
  to   space 1024K, 0% used [0x00000000d5800000,0x00000000d5800000,0x00000000d5900000)
 ParOldGen       total 354304K, used 354026K [0x0000000080000000, 0x0000000095a00000, 0x00000000d5580000)
  object space 354304K, 99% used [0x0000000080000000,0x00000000959baad8,0x0000000095a00000)
 Metaspace       used 61173K, committed 62592K, reserved 1114112K
  class space    used 6431K, committed 7040K, reserved 1048576K
}
Event: 8.339 GC heap after
{Heap after GC invocations=380 (full 3):
 PSYoungGen      total 3584K, used 992K [0x00000000d5580000, 0x00000000d5b00000, 0x0000000100000000)
  eden space 2560K, 0% used [0x00000000d5580000,0x00000000d5580000,0x00000000d5800000)
  from space 1024K, 96% used [0x00000000d5800000,0x00000000d58f8000,0x00000000d5900000)
  to   space 1536K, 0% used [0x00000000d5980000,0x00000000d5980000,0x00000000d5b00000)
 ParOldGen       total 354816K, used 354330K [0x0000000080000000, 0x0000000095a80000, 0x00000000d5580000)
  object space 354816K, 99% used [0x0000000080000000,0x0000000095a06ad8,0x0000000095a80000)
 Metaspace       used 61173K, committed 62592K, reserved 1114112K
  class space    used 6431K, committed 7040K, reserved 1048576K
}
Event: 8.370 GC heap before
{Heap before GC invocations=381 (full 3):
 PSYoungGen      total 3584K, used 3552K [0x00000000d5580000, 0x00000000d5b00000, 0x0000000100000000)
  eden space 2560K, 100% used [0x00000000d5580000,0x00000000d5800000,0x00000000d5800000)
  from space 1024K, 96% used [0x00000000d5800000,0x00000000d58f8000,0x00000000d5900000)
  to   space 1536K, 0% used [0x00000000d5980000,0x00000000d5980000,0x00000000d5b00000)
 ParOldGen       total 354816K, used 354330K [0x0000000080000000, 0x0000000095a80000, 0x00000000d5580000)
  object space 354816K, 99% used [0x0000000080000000,0x0000000095a06ad8,0x0000000095a80000)
 Metaspace       used 61318K, committed 62784K, reserved 1114112K
  class space    used 6455K, committed 7104K, reserved 1048576K
}
Event: 8.372 GC heap after
{Heap after GC invocations=381 (full 3):
 PSYoungGen      total 3584K, used 608K [0x00000000d5580000, 0x00000000d5a80000, 0x0000000100000000)
  eden space 2560K, 0% used [0x00000000d5580000,0x00000000d5580000,0x00000000d5800000)
  from space 1024K, 59% used [0x00000000d5980000,0x00000000d5a18000,0x00000000d5a80000)
  to   space 1024K, 0% used [0x00000000d5800000,0x00000000d5800000,0x00000000d5900000)
 ParOldGen       total 355328K, used 355234K [0x0000000080000000, 0x0000000095b00000, 0x00000000d5580000)
  object space 355328K, 99% used [0x0000000080000000,0x0000000095ae8ad8,0x0000000095b00000)
 Metaspace       used 61318K, committed 62784K, reserved 1114112K
  class space    used 6455K, committed 7104K, reserved 1048576K
}
Event: 8.378 GC heap before
{Heap before GC invocations=382 (full 3):
 PSYoungGen      total 3584K, used 3168K [0x00000000d5580000, 0x00000000d5a80000, 0x0000000100000000)
  eden space 2560K, 100% used [0x00000000d5580000,0x00000000d5800000,0x00000000d5800000)
  from space 1024K, 59% used [0x00000000d5980000,0x00000000d5a18000,0x00000000d5a80000)
  to   space 1024K, 0% used [0x00000000d5800000,0x00000000d5800000,0x00000000d5900000)
 ParOldGen       total 355328K, used 355234K [0x0000000080000000, 0x0000000095b00000, 0x00000000d5580000)
  object space 355328K, 99% used [0x0000000080000000,0x0000000095ae8ad8,0x0000000095b00000)
 Metaspace       used 61325K, committed 62784K, reserved 1114112K
  class space    used 6455K, committed 7104K, reserved 1048576K
}
Event: 8.380 GC heap after
{Heap after GC invocations=382 (full 3):
 PSYoungGen      total 3584K, used 512K [0x00000000d5580000, 0x00000000d5a00000, 0x0000000100000000)
  eden space 2560K, 0% used [0x00000000d5580000,0x00000000d5580000,0x00000000d5800000)
  from space 1024K, 50% used [0x00000000d5800000,0x00000000d5880000,0x00000000d5900000)
  to   space 1024K, 0% used [0x00000000d5900000,0x00000000d5900000,0x00000000d5a00000)
 ParOldGen       total 355840K, used 355558K [0x0000000080000000, 0x0000000095b80000, 0x00000000d5580000)
  object space 355840K, 99% used [0x0000000080000000,0x0000000095b39ae8,0x0000000095b80000)
 Metaspace       used 61325K, committed 62784K, reserved 1114112K
  class space    used 6455K, committed 7104K, reserved 1048576K
}
Event: 8.384 GC heap before
{Heap before GC invocations=383 (full 3):
 PSYoungGen      total 3584K, used 3072K [0x00000000d5580000, 0x00000000d5a00000, 0x0000000100000000)
  eden space 2560K, 100% used [0x00000000d5580000,0x00000000d5800000,0x00000000d5800000)
  from space 1024K, 50% used [0x00000000d5800000,0x00000000d5880000,0x00000000d5900000)
  to   space 1024K, 0% used [0x00000000d5900000,0x00000000d5900000,0x00000000d5a00000)
 ParOldGen       total 355840K, used 355558K [0x0000000080000000, 0x0000000095b80000, 0x00000000d5580000)
  object space 355840K, 99% used [0x0000000080000000,0x0000000095b39ae8,0x0000000095b80000)
 Metaspace       used 61332K, committed 62784K, reserved 1114112K
  class space    used 6455K, committed 7104K, reserved 1048576K
}
Event: 8.386 GC heap after
{Heap after GC invocations=383 (full 3):
 PSYoungGen      total 2560K, used 1008K [0x00000000d5580000, 0x00000000d5c00000, 0x0000000100000000)
  eden space 1536K, 0% used [0x00000000d5580000,0x00000000d5580000,0x00000000d5700000)
  from space 1024K, 98% used [0x00000000d5900000,0x00000000d59fc010,0x00000000d5a00000)
  to   space 2048K, 0% used [0x00000000d5700000,0x00000000d5700000,0x00000000d5900000)
 ParOldGen       total 356352K, used 355962K [0x0000000080000000, 0x0000000095c00000, 0x00000000d5580000)
  object space 356352K, 99% used [0x0000000080000000,0x0000000095b9eaf8,0x0000000095c00000)
 Metaspace       used 61332K, committed 62784K, reserved 1114112K
  class space    used 6455K, committed 7104K, reserved 1048576K
}
Event: 8.388 GC heap before
{Heap before GC invocations=384 (full 3):
 PSYoungGen      total 2560K, used 2544K [0x00000000d5580000, 0x00000000d5c00000, 0x0000000100000000)
  eden space 1536K, 100% used [0x00000000d5580000,0x00000000d5700000,0x00000000d5700000)
  from space 1024K, 98% used [0x00000000d5900000,0x00000000d59fc010,0x00000000d5a00000)
  to   space 2048K, 0% used [0x00000000d5700000,0x00000000d5700000,0x00000000d5900000)
 ParOldGen       total 356352K, used 355962K [0x0000000080000000, 0x0000000095c00000, 0x00000000d5580000)
  object space 356352K, 99% used [0x0000000080000000,0x0000000095b9eaf8,0x0000000095c00000)
 Metaspace       used 61336K, committed 62784K, reserved 1114112K
  class space    used 6455K, committed 7104K, reserved 1048576K
}
Event: 8.390 GC heap after
{Heap after GC invocations=384 (full 3):
 PSYoungGen      total 2048K, used 512K [0x00000000d5580000, 0x00000000d5980000, 0x0000000100000000)
  eden space 1536K, 0% used [0x00000000d5580000,0x00000000d5580000,0x00000000d5700000)
  from space 512K, 100% used [0x00000000d5700000,0x00000000d5780000,0x00000000d5780000)
  to   space 1024K, 0% used [0x00000000d5880000,0x00000000d5880000,0x00000000d5980000)
 ParOldGen       total 356864K, used 356770K [0x0000000080000000, 0x0000000095c80000, 0x00000000d5580000)
  object space 356864K, 99% used [0x0000000080000000,0x0000000095c68b18,0x0000000095c80000)
 Metaspace       used 61336K, committed 62784K, reserved 1114112K
  class space    used 6455K, committed 7104K, reserved 1048576K
}
Event: 8.393 GC heap before
{Heap before GC invocations=385 (full 3):
 PSYoungGen      total 2048K, used 2048K [0x00000000d5580000, 0x00000000d5980000, 0x0000000100000000)
  eden space 1536K, 100% used [0x00000000d5580000,0x00000000d5700000,0x00000000d5700000)
  from space 512K, 100% used [0x00000000d5700000,0x00000000d5780000,0x00000000d5780000)
  to   space 1024K, 0% used [0x00000000d5880000,0x00000000d5880000,0x00000000d5980000)
 ParOldGen       total 356864K, used 356770K [0x0000000080000000, 0x0000000095c80000, 0x00000000d5580000)
  object space 356864K, 99% used [0x0000000080000000,0x0000000095c68b18,0x0000000095c80000)
 Metaspace       used 61337K, committed 62784K, reserved 1114112K
  class space    used 6455K, committed 7104K, reserved 1048576K
}
Event: 8.395 GC heap after
{Heap after GC invocations=385 (full 3):
 PSYoungGen      total 3072K, used 640K [0x00000000d5580000, 0x00000000d5980000, 0x0000000100000000)
  eden space 2048K, 0% used [0x00000000d5580000,0x00000000d5580000,0x00000000d5780000)
  from space 1024K, 62% used [0x00000000d5880000,0x00000000d5920000,0x00000000d5980000)
  to   space 1024K, 0% used [0x00000000d5780000,0x00000000d5780000,0x00000000d5880000)
 ParOldGen       total 357376K, used 357178K [0x0000000080000000, 0x0000000095d00000, 0x00000000d5580000)
  object space 357376K, 99% used [0x0000000080000000,0x0000000095cceb18,0x0000000095d00000)
 Metaspace       used 61337K, committed 62784K, reserved 1114112K
  class space    used 6455K, committed 7104K, reserved 1048576K
}
Event: 8.422 GC heap before
{Heap before GC invocations=386 (full 3):
 PSYoungGen      total 3072K, used 2688K [0x00000000d5580000, 0x00000000d5980000, 0x0000000100000000)
  eden space 2048K, 100% used [0x00000000d5580000,0x00000000d5780000,0x00000000d5780000)
  from space 1024K, 62% used [0x00000000d5880000,0x00000000d5920000,0x00000000d5980000)
  to   space 1024K, 0% used [0x00000000d5780000,0x00000000d5780000,0x00000000d5880000)
 ParOldGen       total 357376K, used 357178K [0x0000000080000000, 0x0000000095d00000, 0x00000000d5580000)
  object space 357376K, 99% used [0x0000000080000000,0x0000000095cceb18,0x0000000095d00000)
 Metaspace       used 61418K, committed 62848K, reserved 1114112K
  class space    used 6465K, committed 7104K, reserved 1048576K
}
Event: 8.424 GC heap after
{Heap after GC invocations=386 (full 3):
 PSYoungGen      total 3072K, used 576K [0x00000000d5580000, 0x00000000d5a00000, 0x0000000100000000)
  eden space 2048K, 0% used [0x00000000d5580000,0x00000000d5580000,0x00000000d5780000)
  from space 1024K, 56% used [0x00000000d5780000,0x00000000d5810000,0x00000000d5880000)
  to   space 1024K, 0% used [0x00000000d5900000,0x00000000d5900000,0x00000000d5a00000)
 ParOldGen       total 357888K, used 357682K [0x0000000080000000, 0x0000000095d80000, 0x00000000d5580000)
  object space 357888K, 99% used [0x0000000080000000,0x0000000095d4cb18,0x0000000095d80000)
 Metaspace       used 61418K, committed 62848K, reserved 1114112K
  class space    used 6465K, committed 7104K, reserved 1048576K
}

Dll operation events (10 events):
Event: 0.009 Loaded shared library c:\Users\USER\.kiro\extensions\redhat.java-1.44.0-win32-x64\jre\21.0.8-win32-x86_64\bin\java.dll
Event: 0.069 Loaded shared library c:\Users\USER\.kiro\extensions\redhat.java-1.44.0-win32-x64\jre\21.0.8-win32-x86_64\bin\zip.dll
Event: 0.089 Loaded shared library C:\Users\USER\.kiro\extensions\redhat.java-1.44.0-win32-x64\jre\21.0.8-win32-x86_64\bin\instrument.dll
Event: 0.094 Loaded shared library C:\Users\USER\.kiro\extensions\redhat.java-1.44.0-win32-x64\jre\21.0.8-win32-x86_64\bin\net.dll
Event: 0.096 Loaded shared library C:\Users\USER\.kiro\extensions\redhat.java-1.44.0-win32-x64\jre\21.0.8-win32-x86_64\bin\nio.dll
Event: 0.099 Loaded shared library C:\Users\USER\.kiro\extensions\redhat.java-1.44.0-win32-x64\jre\21.0.8-win32-x86_64\bin\zip.dll
Event: 0.124 Loaded shared library C:\Users\USER\.kiro\extensions\redhat.java-1.44.0-win32-x64\jre\21.0.8-win32-x86_64\bin\jimage.dll
Event: 0.203 Loaded shared library c:\Users\USER\.kiro\extensions\redhat.java-1.44.0-win32-x64\jre\21.0.8-win32-x86_64\bin\verify.dll
Event: 1.150 Loaded shared library C:\Users\USER\AppData\Roaming\Kiro\User\globalStorage\redhat.java\1.44.0\config_win\org.eclipse.equinox.launcher\org.eclipse.equinox.launcher.win32.win32.x86_64_1.2.1400.v20250730-1736\eclipse_11913.dll
Event: 2.145 Loaded shared library C:\Users\USER\AppData\Local\Temp\jna-2614219\jna8330830839265337766.dll

Deoptimization events (20 events):
Event: 8.408 Thread 0x00000275ecbd5760 Uncommon trap: trap_request=0xffffff6e fr.pc=0x0000027599083d98 relative=0x0000000000000178
Event: 8.408 Thread 0x00000275ecbd5760 Uncommon trap: reason=loop_limit_check action=maybe_recompile pc=0x0000027599083d98 method=java.lang.StringLatin1.lastIndexOf([BII)I @ 19 c2
Event: 8.408 Thread 0x00000275ecbd5760 DEOPT PACKING pc=0x0000027599083d98 sp=0x0000009746ffcdb0
Event: 8.408 Thread 0x00000275ecbd5760 DEOPT UNPACKING pc=0x0000027598a13aa2 sp=0x0000009746ffcc68 mode 2
Event: 8.412 Thread 0x00000275ecbd5760 Uncommon trap: trap_request=0xffffff45 fr.pc=0x00000275993a9764 relative=0x0000000000000284
Event: 8.412 Thread 0x00000275ecbd5760 Uncommon trap: reason=unstable_if action=reinterpret pc=0x00000275993a9764 method=sun.nio.fs.WindowsPath.compareTo(Ljava/nio/file/Path;)I @ 76 c2
Event: 8.412 Thread 0x00000275ecbd5760 DEOPT PACKING pc=0x00000275993a9764 sp=0x0000009746ffc620
Event: 8.412 Thread 0x00000275ecbd5760 DEOPT UNPACKING pc=0x0000027598a13aa2 sp=0x0000009746ffc528 mode 2
Event: 8.412 Thread 0x00000275ecbd5760 Uncommon trap: trap_request=0xffffff45 fr.pc=0x00000275993a250c relative=0x000000000000178c
Event: 8.412 Thread 0x00000275ecbd5760 Uncommon trap: reason=unstable_if action=reinterpret pc=0x00000275993a250c method=lombok.eclipse.agent.EclipsePatcher$1.shouldTransform(Ljava/lang/ClassLoader;Ljava/lang/String;Ljava/lang/Class;Ljava/security/ProtectionDomain;[B)Z @ 80 c2
Event: 8.412 Thread 0x00000275ecbd5760 DEOPT PACKING pc=0x00000275993a250c sp=0x0000009746ffb490
Event: 8.412 Thread 0x00000275ecbd5760 DEOPT UNPACKING pc=0x0000027598a13aa2 sp=0x0000009746ffb390 mode 2
Event: 8.427 Thread 0x00000275ecbd5760 Uncommon trap: trap_request=0xffffff45 fr.pc=0x000002759912cee0 relative=0x00000000000001a0
Event: 8.427 Thread 0x00000275ecbd5760 Uncommon trap: reason=unstable_if action=reinterpret pc=0x000002759912cee0 method=java.util.jar.JarFile.match([B[B[B[B)I @ 29 c2
Event: 8.427 Thread 0x00000275ecbd5760 DEOPT PACKING pc=0x000002759912cee0 sp=0x0000009746ffc630
Event: 8.427 Thread 0x00000275ecbd5760 DEOPT UNPACKING pc=0x0000027598a13aa2 sp=0x0000009746ffc5a8 mode 2
Event: 8.432 Thread 0x00000275ecbd5760 Uncommon trap: trap_request=0xffffff45 fr.pc=0x0000027599224648 relative=0x0000000000000268
Event: 8.432 Thread 0x00000275ecbd5760 Uncommon trap: reason=unstable_if action=reinterpret pc=0x0000027599224648 method=sun.nio.fs.WindowsPath.compareTo(Ljava/nio/file/Path;)I @ 76 c2
Event: 8.432 Thread 0x00000275ecbd5760 DEOPT PACKING pc=0x0000027599224648 sp=0x0000009746ffb8f0
Event: 8.432 Thread 0x00000275ecbd5760 DEOPT UNPACKING pc=0x0000027598a13aa2 sp=0x0000009746ffb868 mode 2

Classes loaded (20 events):
Event: 6.317 Loading class sun/nio/ch/ChannelOutputStream
Event: 6.317 Loading class sun/nio/ch/ChannelOutputStream done
Event: 6.319 Loading class java/util/stream/ReferencePipeline$4
Event: 6.319 Loading class java/util/stream/ReferencePipeline$4 done
Event: 6.319 Loading class java/util/stream/Nodes$IntFixedNodeBuilder
Event: 6.319 Loading class java/util/stream/Node$Builder$OfInt
Event: 6.319 Loading class java/util/stream/Node$Builder$OfInt done
Event: 6.319 Loading class java/util/stream/Nodes$IntArrayNode
Event: 6.319 Loading class java/util/stream/Nodes$IntArrayNode done
Event: 6.319 Loading class java/util/stream/Nodes$IntFixedNodeBuilder done
Event: 6.320 Loading class java/util/stream/ReferencePipeline$4$1
Event: 6.320 Loading class java/util/stream/ReferencePipeline$4$1 done
Event: 6.818 Loading class jdk/internal/module/IllegalAccessLogger
Event: 6.818 Loading class jdk/internal/module/IllegalAccessLogger done
Event: 8.214 Loading class java/util/stream/DistinctOps
Event: 8.214 Loading class java/util/stream/DistinctOps done
Event: 8.214 Loading class java/util/stream/DistinctOps$1
Event: 8.214 Loading class java/util/stream/DistinctOps$1 done
Event: 8.216 Loading class java/util/stream/DistinctOps$1$2
Event: 8.216 Loading class java/util/stream/DistinctOps$1$2 done

Classes unloaded (7 events):
Event: 2.519 Thread 0x000002758e34dc20 Unloading class 0x00000275a61ac800 'java/lang/invoke/LambdaForm$MH+0x00000275a61ac800'
Event: 2.519 Thread 0x000002758e34dc20 Unloading class 0x00000275a61ac400 'java/lang/invoke/LambdaForm$MH+0x00000275a61ac400'
Event: 2.519 Thread 0x000002758e34dc20 Unloading class 0x00000275a61ac000 'java/lang/invoke/LambdaForm$MH+0x00000275a61ac000'
Event: 2.519 Thread 0x000002758e34dc20 Unloading class 0x00000275a61abc00 'java/lang/invoke/LambdaForm$MH+0x00000275a61abc00'
Event: 2.519 Thread 0x000002758e34dc20 Unloading class 0x00000275a61ab800 'java/lang/invoke/LambdaForm$BMH+0x00000275a61ab800'
Event: 2.519 Thread 0x000002758e34dc20 Unloading class 0x00000275a61ab400 'java/lang/invoke/LambdaForm$DMH+0x00000275a61ab400'
Event: 2.519 Thread 0x000002758e34dc20 Unloading class 0x00000275a61aa000 'java/lang/invoke/LambdaForm$DMH+0x00000275a61aa000'

Classes redefined (0 events):
No events

Internal exceptions (20 events):
Event: 6.729 Thread 0x00000275ef723b20 Implicit null exception at 0x0000027599401823 to 0x0000027599401e58
Event: 6.761 Thread 0x00000275ecbd5760 Exception <a 'sun/nio/fs/WindowsException'{0x00000000d5622c38}> (0x00000000d5622c38) 
thrown [s\src\hotspot\share\prims\jni.cpp, line 520]
Event: 6.761 Thread 0x00000275ed3b02a0 Exception <a 'sun/nio/fs/WindowsException'{0x00000000d5644538}> (0x00000000d5644538) 
thrown [s\src\hotspot\share\prims\jni.cpp, line 520]
Event: 6.761 Thread 0x00000275ed3afc10 Exception <a 'sun/nio/fs/WindowsException'{0x00000000d5649780}> (0x00000000d5649780) 
thrown [s\src\hotspot\share\prims\jni.cpp, line 520]
Event: 6.829 Thread 0x00000275ecbd5760 Exception <a 'sun/nio/fs/WindowsException'{0x00000000d55fabf8}> (0x00000000d55fabf8) 
thrown [s\src\hotspot\share\prims\jni.cpp, line 520]
Event: 6.829 Thread 0x00000275ecbd5760 Exception <a 'sun/nio/fs/WindowsException'{0x00000000d55fb228}> (0x00000000d55fb228) 
thrown [s\src\hotspot\share\prims\jni.cpp, line 520]
Event: 7.221 Thread 0x00000275ecbd5760 Exception <a 'java/lang/NoSuchMethodError'{0x00000000d5597ee8}: 'void java.lang.invoke.DirectMethodHandle$Holder.invokeStatic(java.lang.Object, java.lang.Object, java.lang.Object, int)'> (0x00000000d5597ee8) 
thrown [s\src\hotspot\share\interpreter\linkResolver.cpp, line 773]
Event: 7.230 Thread 0x00000275ecbd5760 Exception <a 'java/lang/NoSuchMethodError'{0x00000000d55a88f0}: 'void java.lang.invoke.DirectMethodHandle$Holder.invokeVirtual(java.lang.Object, java.lang.Object, int)'> (0x00000000d55a88f0) 
thrown [s\src\hotspot\share\interpreter\linkResolver.cpp, line 773]
Event: 7.916 Thread 0x00000275ecbd5760 Exception <a 'java/lang/NoSuchMethodError'{0x00000000d55a3258}: 'void java.lang.invoke.DirectMethodHandle$Holder.invokeInterface(java.lang.Object, java.lang.Object)'> (0x00000000d55a3258) 
thrown [s\src\hotspot\share\interpreter\linkResolver.cpp, line 773]
Event: 7.927 Thread 0x00000275ef728350 Exception <a 'java/lang/NoSuchMethodError'{0x00000000d56c47c0}: 'void java.lang.invoke.DirectMethodHandle$Holder.invokeSpecial(java.lang.Object, java.lang.Object, java.lang.Object, java.lang.Object, java.lang.Object, java.lang.Object, java.lang.Object, java.lang.Object)'> (0x00000000d56c47c0) 
thrown [s\src\hotspot\share\interpreter\linkResolver.cpp, line 773]
Event: 7.927 Thread 0x00000275ef7289e0 Exception <a 'java/lang/NoSuchMethodError'{0x00000000d56bb6a0}: 'void java.lang.invoke.DirectMethodHandle$Holder.invokeSpecial(java.lang.Object, java.lang.Object, java.lang.Object, java.lang.Object, java.lang.Object, java.lang.Object, java.lang.Object, java.lang.Object)'> (0x00000000d56bb6a0) 
thrown [s\src\hotspot\share\interpreter\linkResolver.cpp, line 773]
Event: 7.966 Thread 0x00000275ef725bf0 Implicit null exception at 0x000002759953c90c to 0x000002759953cf40
Event: 8.218 Thread 0x00000275ecbd5760 Exception <a 'java/lang/NoSuchMethodError'{0x00000000d57ac4c8}: 'java.lang.Object java.lang.invoke.DirectMethodHandle$Holder.newInvokeSpecial(java.lang.Object, java.lang.Object, int, java.lang.Object, java.lang.Object)'> (0x00000000d57ac4c8) 
thrown [s\src\hotspot\share\interpreter\linkResolver.cpp, line 773]
Event: 8.223 Thread 0x00000275ecbd5760 Exception <a 'java/lang/NoSuchMethodError'{0x00000000d57d7a70}: 'java.lang.Object java.lang.invoke.DirectMethodHandle$Holder.invokeSpecial(java.lang.Object, java.lang.Object, java.lang.Object, int, java.lang.Object, java.lang.Object, java.lang.Object)'> (0x00000000d57d7a70) 
thrown [s\src\hotspot\share\interpreter\linkResolver.cpp, line 773]
Event: 8.245 Thread 0x00000275ecbd5760 Exception <a 'java/lang/NoSuchMethodError'{0x00000000d56fe4d8}: 'java.lang.Object java.lang.invoke.DirectMethodHandle$Holder.newInvokeSpecial(java.lang.Object, java.lang.Object, int)'> (0x00000000d56fe4d8) 
thrown [s\src\hotspot\share\interpreter\linkResolver.cpp, line 773]
Event: 8.257 Thread 0x00000275ecbd5760 Exception <a 'java/lang/NoSuchMethodError'{0x00000000d5782420}: 'void java.lang.invoke.DirectMethodHandle$Holder.invokeStatic(java.lang.Object, int)'> (0x00000000d5782420) 
thrown [s\src\hotspot\share\interpreter\linkResolver.cpp, line 773]
Event: 8.335 Thread 0x00000275ecbd5760 Exception <a 'java/io/FileNotFoundException'{0x00000000d573cd00}> (0x00000000d573cd00) 
thrown [s\src\hotspot\share\prims\jni.cpp, line 520]
Event: 8.336 Thread 0x00000275ecbd5760 Exception <a 'java/io/FileNotFoundException'{0x00000000d573dfc8}> (0x00000000d573dfc8) 
thrown [s\src\hotspot\share\prims\jni.cpp, line 520]
Event: 8.336 Thread 0x00000275ecbd5760 Exception <a 'java/io/FileNotFoundException'{0x00000000d573efe8}> (0x00000000d573efe8) 
thrown [s\src\hotspot\share\prims\jni.cpp, line 520]
Event: 8.412 Thread 0x00000275ecbd5760 Implicit null exception at 0x00000275993a183f to 0x00000275993a24f4

ZGC Phase Switch (0 events):
No events

VM Operations (20 events):
Event: 8.267 Executing VM operation: ParallelGCFailedAllocation (Allocation Failure)
Event: 8.269 Executing VM operation: ParallelGCFailedAllocation (Allocation Failure) done
Event: 8.295 Executing VM operation: ParallelGCFailedAllocation (Allocation Failure)
Event: 8.296 Executing VM operation: ParallelGCFailedAllocation (Allocation Failure) done
Event: 8.321 Executing VM operation: ParallelGCFailedAllocation (Allocation Failure)
Event: 8.322 Executing VM operation: ParallelGCFailedAllocation (Allocation Failure) done
Event: 8.337 Executing VM operation: ParallelGCFailedAllocation (Allocation Failure)
Event: 8.339 Executing VM operation: ParallelGCFailedAllocation (Allocation Failure) done
Event: 8.370 Executing VM operation: ParallelGCFailedAllocation (Allocation Failure)
Event: 8.372 Executing VM operation: ParallelGCFailedAllocation (Allocation Failure) done
Event: 8.378 Executing VM operation: ParallelGCFailedAllocation (Allocation Failure)
Event: 8.380 Executing VM operation: ParallelGCFailedAllocation (Allocation Failure) done
Event: 8.384 Executing VM operation: ParallelGCFailedAllocation (Allocation Failure)
Event: 8.386 Executing VM operation: ParallelGCFailedAllocation (Allocation Failure) done
Event: 8.388 Executing VM operation: ParallelGCFailedAllocation (Allocation Failure)
Event: 8.390 Executing VM operation: ParallelGCFailedAllocation (Allocation Failure) done
Event: 8.393 Executing VM operation: ParallelGCFailedAllocation (Allocation Failure)
Event: 8.395 Executing VM operation: ParallelGCFailedAllocation (Allocation Failure) done
Event: 8.422 Executing VM operation: ParallelGCFailedAllocation (Allocation Failure)
Event: 8.424 Executing VM operation: ParallelGCFailedAllocation (Allocation Failure) done

Memory protections (0 events):
No events

Nmethod flushes (20 events):
Event: 6.944 Thread 0x000002758e34dc20 flushing  nmethod 0x0000027591e1ab90
Event: 6.944 Thread 0x000002758e34dc20 flushing  nmethod 0x0000027591e1bf90
Event: 6.944 Thread 0x000002758e34dc20 flushing  nmethod 0x0000027591e1d710
Event: 6.944 Thread 0x000002758e34dc20 flushing  nmethod 0x0000027591e1e110
Event: 6.944 Thread 0x000002758e34dc20 flushing  nmethod 0x0000027591e1ea10
Event: 6.944 Thread 0x000002758e34dc20 flushing  nmethod 0x0000027591e21010
Event: 6.944 Thread 0x000002758e34dc20 flushing  nmethod 0x0000027591e21710
Event: 6.944 Thread 0x000002758e34dc20 flushing  nmethod 0x0000027591e21a90
Event: 6.944 Thread 0x000002758e34dc20 flushing  nmethod 0x0000027591e22310
Event: 6.944 Thread 0x000002758e34dc20 flushing  nmethod 0x0000027591e23490
Event: 6.944 Thread 0x000002758e34dc20 flushing  nmethod 0x0000027591e23890
Event: 6.944 Thread 0x000002758e34dc20 flushing  nmethod 0x0000027591e25190
Event: 6.944 Thread 0x000002758e34dc20 flushing  nmethod 0x0000027591e26890
Event: 6.944 Thread 0x000002758e34dc20 flushing  nmethod 0x0000027591e28210
Event: 6.944 Thread 0x000002758e34dc20 flushing  nmethod 0x0000027591e28610
Event: 6.944 Thread 0x000002758e34dc20 flushing  nmethod 0x0000027591e28f90
Event: 6.944 Thread 0x000002758e34dc20 flushing  nmethod 0x0000027591e29390
Event: 6.944 Thread 0x000002758e34dc20 flushing  nmethod 0x0000027591e2ca90
Event: 6.944 Thread 0x000002758e34dc20 flushing  nmethod 0x0000027591e2d610
Event: 6.944 Thread 0x000002758e34dc20 flushing  nmethod 0x0000027591e33390

Events (20 events):
Event: 7.925 Thread 0x00000275ecbd5760 Thread added: 0x00000275ef728350
Event: 7.925 Thread 0x00000275ecbd5760 Thread added: 0x00000275ef729070
Event: 7.926 Thread 0x00000275ecbd5760 Thread added: 0x00000275ef7289e0
Event: 7.926 Thread 0x00000275ecbd5760 Thread added: 0x00000275ef725bf0
Event: 7.926 Thread 0x00000275ecbd5760 Thread added: 0x00000275ef729700
Event: 8.105 Thread 0x00000275ef729070 Thread exited: 0x00000275ef729070
Event: 8.105 Thread 0x00000275ef729700 Thread exited: 0x00000275ef729700
Event: 8.105 Thread 0x00000275ef725bf0 Thread exited: 0x00000275ef725bf0
Event: 8.105 Thread 0x00000275ef728350 Thread exited: 0x00000275ef728350
Event: 8.105 Thread 0x00000275ef7289e0 Thread exited: 0x00000275ef7289e0
Event: 8.367 Thread 0x00000275ecbd5760 Thread added: 0x00000275ef728350
Event: 8.367 Thread 0x00000275ecbd5760 Thread added: 0x00000275ef7289e0
Event: 8.367 Thread 0x00000275ecbd5760 Thread added: 0x00000275ef729070
Event: 8.367 Thread 0x00000275ecbd5760 Thread added: 0x00000275ef725bf0
Event: 8.367 Thread 0x00000275ecbd5760 Thread added: 0x00000275ef729700
Event: 8.395 Thread 0x00000275ef7289e0 Thread exited: 0x00000275ef7289e0
Event: 8.395 Thread 0x00000275ef728350 Thread exited: 0x00000275ef728350
Event: 8.395 Thread 0x00000275ef729700 Thread exited: 0x00000275ef729700
Event: 8.395 Thread 0x00000275ef729070 Thread exited: 0x00000275ef729070
Event: 8.395 Thread 0x00000275ef725bf0 Thread exited: 0x00000275ef725bf0


Dynamic libraries:
0x00007ff628e00000 - 0x00007ff628e0e000 	c:\Users\USER\.kiro\extensions\redhat.java-1.44.0-win32-x64\jre\21.0.8-win32-x86_64\bin\java.exe
0x00007ff848800000 - 0x00007ff848a68000 	C:\WINDOWS\SYSTEM32\ntdll.dll
0x00007ff847af0000 - 0x00007ff847bb9000 	C:\WINDOWS\System32\KERNEL32.DLL
0x00007ff845c80000 - 0x00007ff84606d000 	C:\WINDOWS\System32\KERNELBASE.dll
0x00007ff846390000 - 0x00007ff8464db000 	C:\WINDOWS\System32\ucrtbase.dll
0x00007ff814c10000 - 0x00007ff814c2e000 	c:\Users\USER\.kiro\extensions\redhat.java-1.44.0-win32-x64\jre\21.0.8-win32-x86_64\bin\VCRUNTIME140.dll
0x00007ff81c1b0000 - 0x00007ff81c1c8000 	c:\Users\USER\.kiro\extensions\redhat.java-1.44.0-win32-x64\jre\21.0.8-win32-x86_64\bin\jli.dll
0x00007ff847bc0000 - 0x00007ff847d8c000 	C:\WINDOWS\System32\USER32.dll
0x00007ff845c50000 - 0x00007ff845c77000 	C:\WINDOWS\System32\win32u.dll
0x00007ff8264c0000 - 0x00007ff82675a000 	C:\WINDOWS\WinSxS\amd64_microsoft.windows.common-controls_6595b64144ccf1df_6.0.26100.4484_none_3e0e6d4ce32ef3b3\COMCTL32.dll
0x00007ff847910000 - 0x00007ff84793b000 	C:\WINDOWS\System32\GDI32.dll
0x00007ff8482a0000 - 0x00007ff848349000 	C:\WINDOWS\System32\msvcrt.dll
0x00007ff8461c0000 - 0x00007ff8462f7000 	C:\WINDOWS\System32\gdi32full.dll
0x00007ff846110000 - 0x00007ff8461b3000 	C:\WINDOWS\System32\msvcp_win.dll
0x00007ff8485a0000 - 0x00007ff8485cf000 	C:\WINDOWS\System32\IMM32.DLL
0x00007ff81f3b0000 - 0x00007ff81f3e7000 	C:\Program Files\MacType\MacType64.dll
0x00007ff847850000 - 0x00007ff847904000 	C:\WINDOWS\System32\ADVAPI32.dll
0x00007ff8474d0000 - 0x00007ff847576000 	C:\WINDOWS\System32\sechost.dll
0x00007ff848610000 - 0x00007ff848728000 	C:\WINDOWS\System32\RPCRT4.dll
0x00007ff81f1d0000 - 0x00007ff81f34d000 	C:\Program Files\MacType\MacType64.Core.dll
0x00007ff841ef0000 - 0x00007ff842533000 	C:\WINDOWS\SYSTEM32\d2d1.dll
0x00007ff842540000 - 0x00007ff8427ab000 	C:\WINDOWS\SYSTEM32\dwrite.dll
0x00007ff846070000 - 0x00007ff846109000 	C:\WINDOWS\System32\bcryptPrimitives.dll
0x00007ff840190000 - 0x00007ff84019c000 	c:\Users\USER\.kiro\extensions\redhat.java-1.44.0-win32-x64\jre\21.0.8-win32-x86_64\bin\vcruntime140_1.dll
0x00007ff804650000 - 0x00007ff8046dd000 	c:\Users\USER\.kiro\extensions\redhat.java-1.44.0-win32-x64\jre\21.0.8-win32-x86_64\bin\msvcp140.dll
0x00007fff1a320000 - 0x00007fff1b0b7000 	c:\Users\USER\.kiro\extensions\redhat.java-1.44.0-win32-x64\jre\21.0.8-win32-x86_64\bin\server\jvm.dll
0x00007ff848520000 - 0x00007ff848594000 	C:\WINDOWS\System32\WS2_32.dll
0x00007ff8457a0000 - 0x00007ff8457fe000 	C:\WINDOWS\SYSTEM32\POWRPROF.dll
0x00007ff839480000 - 0x00007ff8394b5000 	C:\WINDOWS\SYSTEM32\WINMM.dll
0x00007ff83ebc0000 - 0x00007ff83ebcb000 	C:\WINDOWS\SYSTEM32\VERSION.dll
0x00007ff845780000 - 0x00007ff845794000 	C:\WINDOWS\SYSTEM32\UMPDC.dll
0x00007ff8446b0000 - 0x00007ff8446cb000 	C:\WINDOWS\SYSTEM32\kernel.appcore.dll
0x00007ff83f560000 - 0x00007ff83f56a000 	c:\Users\USER\.kiro\extensions\redhat.java-1.44.0-win32-x64\jre\21.0.8-win32-x86_64\bin\jimage.dll
0x00007ff842b10000 - 0x00007ff842d51000 	C:\WINDOWS\SYSTEM32\DBGHELP.DLL
0x00007ff847f10000 - 0x00007ff848296000 	C:\WINDOWS\System32\combase.dll
0x00007ff848420000 - 0x00007ff848500000 	C:\WINDOWS\System32\OLEAUT32.dll
0x00007ff8260f0000 - 0x00007ff826133000 	C:\WINDOWS\SYSTEM32\dbgcore.DLL
0x00007ff827820000 - 0x00007ff82782f000 	c:\Users\USER\.kiro\extensions\redhat.java-1.44.0-win32-x64\jre\21.0.8-win32-x86_64\bin\instrument.dll
0x00007ff813e80000 - 0x00007ff813e9f000 	c:\Users\USER\.kiro\extensions\redhat.java-1.44.0-win32-x64\jre\21.0.8-win32-x86_64\bin\java.dll
0x00007ff8468e0000 - 0x00007ff84702a000 	C:\WINDOWS\System32\SHELL32.dll
0x00007ff845ad0000 - 0x00007ff845c44000 	C:\WINDOWS\System32\wintypes.dll
0x00007ff843570000 - 0x00007ff843dcb000 	C:\WINDOWS\SYSTEM32\windows.storage.dll
0x00007ff8467e0000 - 0x00007ff8468d5000 	C:\WINDOWS\System32\SHCORE.dll
0x00007ff848360000 - 0x00007ff8483ca000 	C:\WINDOWS\System32\shlwapi.dll
0x00007ff845860000 - 0x00007ff84588f000 	C:\WINDOWS\SYSTEM32\profapi.dll
0x00007ff8135d0000 - 0x00007ff8135e8000 	c:\Users\USER\.kiro\extensions\redhat.java-1.44.0-win32-x64\jre\21.0.8-win32-x86_64\bin\zip.dll
0x00007ff8277d0000 - 0x00007ff8277e0000 	C:\Users\USER\.kiro\extensions\redhat.java-1.44.0-win32-x64\jre\21.0.8-win32-x86_64\bin\net.dll
0x00007ff83e190000 - 0x00007ff83e2ae000 	C:\WINDOWS\SYSTEM32\WINHTTP.dll
0x00007ff844c20000 - 0x00007ff844c8a000 	C:\WINDOWS\system32\mswsock.dll
0x00007ff8135b0000 - 0x00007ff8135c6000 	C:\Users\USER\.kiro\extensions\redhat.java-1.44.0-win32-x64\jre\21.0.8-win32-x86_64\bin\nio.dll
0x00007ff825e60000 - 0x00007ff825e70000 	c:\Users\USER\.kiro\extensions\redhat.java-1.44.0-win32-x64\jre\21.0.8-win32-x86_64\bin\verify.dll
0x00007ff814aa0000 - 0x00007ff814ae5000 	C:\Users\USER\AppData\Roaming\Kiro\User\globalStorage\redhat.java\1.44.0\config_win\org.eclipse.equinox.launcher\org.eclipse.equinox.launcher.win32.win32.x86_64_1.2.1400.v20250730-1736\eclipse_11913.dll
0x00000275ed950000 - 0x00000275edaee000 	C:\WINDOWS\System32\ole32.dll
0x00007ff845000000 - 0x00007ff84501b000 	C:\WINDOWS\SYSTEM32\CRYPTSP.dll
0x00007ff844610000 - 0x00007ff84464b000 	C:\WINDOWS\system32\rsaenh.dll
0x00007ff844cc0000 - 0x00007ff844ceb000 	C:\WINDOWS\SYSTEM32\USERENV.dll
0x00007ff845830000 - 0x00007ff845856000 	C:\WINDOWS\SYSTEM32\bcrypt.dll
0x00007ff844e60000 - 0x00007ff844e6c000 	C:\WINDOWS\SYSTEM32\CRYPTBASE.dll
0x00007ff8440c0000 - 0x00007ff8440f3000 	C:\WINDOWS\SYSTEM32\IPHLPAPI.DLL
0x00007ff848350000 - 0x00007ff84835a000 	C:\WINDOWS\System32\NSI.dll
0x00007fff48b70000 - 0x00007fff48bb9000 	C:\Users\USER\AppData\Local\Temp\jna-2614219\jna8330830839265337766.dll
0x00007ff847030000 - 0x00007ff847038000 	C:\WINDOWS\System32\PSAPI.DLL
0x00007ff83e530000 - 0x00007ff83e54f000 	C:\WINDOWS\SYSTEM32\dhcpcsvc6.DLL
0x00007ff83e500000 - 0x00007ff83e525000 	C:\WINDOWS\SYSTEM32\dhcpcsvc.DLL

JVMTI agents:
c:\Users\USER\.kiro\extensions\redhat.java-1.44.0-win32-x64\lombok\lombok-1.18.39-4050.jar path:c:\Users\USER\.kiro\extensions\redhat.java-1.44.0-win32-x64\jre\21.0.8-win32-x86_64\bin\instrument.dll, loaded, initialized, instrumentlib options:none

dbghelp: loaded successfully - version: 4.0.5 - missing functions: none
symbol engine: initialized successfully - sym options: 0x614 - pdb path: .;c:\Users\USER\.kiro\extensions\redhat.java-1.44.0-win32-x64\jre\21.0.8-win32-x86_64\bin;C:\WINDOWS\SYSTEM32;C:\WINDOWS\WinSxS\amd64_microsoft.windows.common-controls_6595b64144ccf1df_6.0.26100.4484_none_3e0e6d4ce32ef3b3;C:\Program Files\MacType;c:\Users\USER\.kiro\extensions\redhat.java-1.44.0-win32-x64\jre\21.0.8-win32-x86_64\bin\server;C:\Users\USER\AppData\Roaming\Kiro\User\globalStorage\redhat.java\1.44.0\config_win\org.eclipse.equinox.launcher\org.eclipse.equinox.launcher.win32.win32.x86_64_1.2.1400.v20250730-1736;C:\Users\USER\AppData\Local\Temp\jna-2614219

VM Arguments:
jvm_args: --add-modules=ALL-SYSTEM --add-opens=java.base/java.util=ALL-UNNAMED --add-opens=java.base/java.lang=ALL-UNNAMED --add-opens=java.base/sun.nio.fs=ALL-UNNAMED -Declipse.application=org.eclipse.jdt.ls.core.id1 -Dosgi.bundles.defaultStartLevel=4 -Declipse.product=org.eclipse.jdt.ls.core.product -Djava.import.generatesMetadataFilesAtProjectRoot=false -DDetectVMInstallationsJob.disabled=true -Dfile.encoding=utf8 -XX:+UseParallelGC -XX:GCTimeRatio=4 -XX:AdaptiveSizePolicyWeight=90 -Dsun.zip.disableMemoryMapping=true -Xmx2G -Xms100m -Xlog:disable -javaagent:c:\Users\USER\.kiro\extensions\redhat.java-1.44.0-win32-x64\lombok\lombok-1.18.39-4050.jar -XX:+HeapDumpOnOutOfMemoryError -XX:HeapDumpPath=c:\Users\USER\AppData\Roaming\Kiro\User\workspaceStorage\8b78469361ffc1b4ae828c13530acb72\redhat.java -Daether.dependencyCollector.impl=bf 
java_command: c:\Users\USER\.kiro\extensions\redhat.java-1.44.0-win32-x64\server\plugins\org.eclipse.equinox.launcher_1.7.0.v20250519-0528.jar -configuration c:\Users\USER\AppData\Roaming\Kiro\User\globalStorage\redhat.java\1.44.0\config_win -data c:\Users\USER\AppData\Roaming\Kiro\User\workspaceStorage\8b78469361ffc1b4ae828c13530acb72\redhat.java\jdt_ws --pipe=\\.\pipe\lsp-85ebdad8d9ac5439318b92d603b05507-sock
java_class_path (initial): c:\Users\USER\.kiro\extensions\redhat.java-1.44.0-win32-x64\server\plugins\org.eclipse.equinox.launcher_1.7.0.v20250519-0528.jar
Launcher Type: SUN_STANDARD

[Global flags]
    uintx AdaptiveSizePolicyWeight                 = 90                                        {product} {command line}
     intx CICompilerCount                          = 4                                         {product} {ergonomic}
    uintx GCTimeRatio                              = 4                                         {product} {command line}
     bool HeapDumpOnOutOfMemoryError               = true                                   {manageable} {command line}
    ccstr HeapDumpPath                             = c:\Users\USER\AppData\Roaming\Kiro\User\workspaceStorage\8b78469361ffc1b4ae828c13530acb72\redhat.java         {manageable} {command line}
   size_t InitialHeapSize                          = 104857600                                 {product} {command line}
   size_t MaxHeapSize                              = 2147483648                                {product} {command line}
   size_t MaxNewSize                               = 715653120                                 {product} {ergonomic}
   size_t MinHeapDeltaBytes                        = 524288                                    {product} {ergonomic}
   size_t MinHeapSize                              = 104857600                                 {product} {command line}
   size_t NewSize                                  = 34603008                                  {product} {ergonomic}
    uintx NonNMethodCodeHeapSize                   = 5839372                                {pd product} {ergonomic}
    uintx NonProfiledCodeHeapSize                  = 122909434                              {pd product} {ergonomic}
   size_t OldSize                                  = 70254592                                  {product} {ergonomic}
    uintx ProfiledCodeHeapSize                     = 122909434                              {pd product} {ergonomic}
    uintx ReservedCodeCacheSize                    = 251658240                              {pd product} {ergonomic}
     bool SegmentedCodeCache                       = true                                      {product} {ergonomic}
   size_t SoftMaxHeapSize                          = 2147483648                             {manageable} {ergonomic}
     bool UseCompressedOops                        = true                           {product lp64_product} {ergonomic}
     bool UseLargePagesIndividualAllocation        = false                                  {pd product} {ergonomic}
     bool UseParallelGC                            = true                                      {product} {command line}

Logging:
Log output configuration:
 #0: stdout all=off uptime,level,tags foldmultilines=false
 #1: stderr all=off uptime,level,tags foldmultilines=false

Environment Variables:
JAVA_HOME=C:\Program Files\Java\jdk-17
PATH=C:\Program Files (x86)\oh-my-posh\bin\;c:\Users\USER\AppData\Local\Programs\cursor\resources\app\bin;C:\Program Files\Common Files\Oracle\Java\javapath;C:\WINDOWS\system32;C:\WINDOWS;C:\WINDOWS\System32\Wbem;C:\WINDOWS\System32\WindowsPowerShell\v1.0\;C:\WINDOWS\System32\OpenSSH\;C:\Program Files\Microchip\xc8\v2.36\bin;C:\Program Files\Docker\Docker\resources\bin;C:\Program Files (x86)\Certbot\bin;C:\ProgramData\chocolatey\bin;C:\Program Files\Git\cmd;C:\Users\USER\.console-ninja\.bin;C:\Program Files\MySQL\MySQL Shell 8.0\bin\;C:\Users\USER\AppData\Local\Microsoft\WindowsApps;C:\Users\USER\AppData\Local\GitHubDesktop\bin;C:\Program Files\JetBrains\IntelliJ IDEA 2023.3.2\bin;;C:\Users\USER\AppData\Roaming\npm;C:\Users\USER\AppData\Local\Programs\mongosh\;C:\Program Files\JetBrains\IntelliJ IDEA 2024.1\bin;c:\Users\USER\AppData\Local\Programs\cursor\resources\ap;C:\Program Files (x86)\NVIDIA Corporation\PhysX\Common;C:\Program Files\dotnet\;C:\Program Files\Vagrant\bin;C:\WINDOWS\system32;C:\WINDOWS;C:\WINDOWS\System32\Wbem;C:\WINDOWS\System32\WindowsPowerShell\v1.0\;C:\WINDOWS\System32\OpenSSH\;C:\Program Files\NVIDIA Corporation\NVIDIA App\NvDLISR;C:\Program Files (x86)\Microsoft SQL Server\160\Tools\Binn\;C:\Program Files\Microsoft SQL Server\160\Tools\Binn\;C:\Program Files\Microsoft SQL Server\Client SDK\ODBC\170\Tools\Binn\;C:\Program Files\Microsoft SQL Server\160\DTS\Binn\;C:\Program Files (x86)\Microsoft SQL Server\160\DTS\Binn\;C:\Program Files\WezTerm;C:\Program Files\nodejs\;C:\Program Files\Java\jdk-17\bin;C:\Users\USER\AppData\Local\Programs\Python\Python313\Scripts\;C:\Users\USER\AppData\Local\Programs\Python\Python313\;C:\Users\USER\AppData\Local\Programs\Python\Launcher\;c:\Users\USER\AppData\Local\Programs\Trae\bin;C:\Users\USER\AppData\Local\Programs\oh-my-posh\bin\;C:\Program Files\PostgreSQL\16\bin;c:\Users\USER\AppData\Local\Programs\cursor\resources\app\bin;C:\Program Files\Common Files\Oracle\Java\javapath;C:\WINDOWS\system32;C:\WINDOWS;C:\WINDOWS\System32\Wbem;C:\WINDOWS\System32\WindowsPowerShell\v1.0\;C:\WINDOWS\System32\OpenSSH\;C:\Program Files\Microchip\xc8\v2.36\bin;C:\Program Files\nodejs\;C:\Program Files\Docker\Docker\resources\bin;C:\Program Files (x86)\Certbot\bin;C:\ProgramData\chocolatey\bin;C:\Program Files\Git\cmd;C:\Program Files\MySQL\MySQL Shell 8.0\bin\;C:\Users\USER\AppData\Local\Microsoft\WindowsApps;C:\Users\USER\AppData\Local\GitHubDesktop\bin;C:\Program Files\JetBrains\IntelliJ IDEA 2023.3.2\bin;C:\Users\USER\AppData\Local\Programs\mongosh\;C:\Program Files\JetBrains\IntelliJ IDEA 2024.1\bin;c:\Users\USER\AppData\Local\Programs\cursor\resources\ap;C:\Program Files (x86)\NVIDIA Corporation\PhysX\Common;C:\Program Files\NVIDIA Corporation\NVIDIA NvDLISR;C:\Program Files\dotnet\;C:\Program Files\Vagrant\bin;C:\WINDOWS\system32;C:\WINDOWS;C:\WINDOWS\System32\Wbem;C:\WINDOWS\System32\WindowsPowerShell\v1.0\;C:\WINDOWS\System32\OpenSSH\;C:\Program Files\MySQL\MySQL Shell 8.0\bin\;C:\Users\USER\AppData\Local\Microsoft\WindowsApps;C:\Users\USER\AppData\Local\GitHubDesktop\bin;C:\Users\USER\AppData\Local\Programs\Microsoft VS Code\bin;C:\Program Files\JetBrains\IntelliJ IDEA 2023.3.2\bin;C:\Users\USER\AppData\Local\Programs\mongosh\;C:\Program Files\JetBrains\IntelliJ IDEA 2024.1\bin;C:\Program Files\JetBrains\WebStorm 2024.3.1\bin;C:\Users\USER\AppData\Local\Programs\Hyper\resources\bin;C:\Users\USER\AppData\Local\Microsoft\WindowsApps;C:\Users\USER\AppData\Local\pnpm;C:\Program Files\PostgreSQL\16\bin;C:\Users\USER\AppData\Local\Programs\Windsurf\bin;C:\Users\USER\AppData\Local\Microsoft\WinGet\Links;C:\Users\USER\AppData\Local\Programs\cursor\resources\app\bin;C:\Users\USER\AppData\Local\Programs\Kiro\bin;C:\Users\USER\AppData\Roaming\npm
USERNAME=USER
OS=Windows_NT
PROCESSOR_IDENTIFIER=AMD64 Family 25 Model 80 Stepping 0, AuthenticAMD
TMP=C:\Users\USER\AppData\Local\Temp
TEMP=C:\Users\USER\AppData\Local\Temp




Periodic native trim disabled

---------------  S Y S T E M  ---------------

OS:
 Windows 11 , 64 bit Build 26100 (10.0.26100.4484)
OS uptime: 0 days 0:34 hours
Hyper-V role detected

CPU: total 12 (initial active 12) (12 cores per cpu, 2 threads per core) family 25 model 80 stepping 0 microcode 0xa50000c, cx8, cmov, fxsr, ht, mmx, 3dnowpref, sse, sse2, sse3, ssse3, sse4a, sse4.1, sse4.2, popcnt, lzcnt, tsc, tscinvbit, avx, avx2, aes, erms, clmul, bmi1, bmi2, adx, sha, fma, vzeroupper, clflush, clflushopt, hv, rdtscp, rdpid, fsrm, f16c, cet_ss
Processor Information for the first 12 processors :
  Max Mhz: 3901, Current Mhz: 3901, Mhz Limit: 3901

Memory: 4k page, system-wide physical 14229M (1499M free)
TotalPageFile size 25154M (AvailPageFile size 65M)
current process WorkingSet (physical memory assigned to process): 725M, peak: 725M
current process commit charge ("private bytes"): 674M, peak: 675M

vm_info: OpenJDK 64-Bit Server VM (21.0.8+9-LTS) for windows-amd64 JRE (21.0.8+9-LTS), built on 2025-07-15T00:00:00Z by "admin" with MS VC++ 17.7 (VS2022)

END.
