#
# There is insufficient memory for the Java Runtime Environment to continue.
# Native memory allocation (mmap) failed to map 234881024 bytes for G1 virtual space
# Possible reasons:
#   The system is out of physical RAM or swap space
#   The process is running with CompressedOops enabled, and the Java Heap may be blocking the growth of the native heap
# Possible solutions:
#   Reduce memory load on the system
#   Increase physical memory or swap space
#   Check if swap backing store is full
#   Decrease Java heap size (-Xmx/-Xms)
#   Decrease number of Java threads
#   Decrease Java thread stack sizes (-Xss)
#   Set larger code cache with -XX:ReservedCodeCacheSize=
#   JVM is running with Zero Based Compressed Oops mode in which the Java heap is
#     placed in the first 32GB address space. The Java Heap base address is the
#     maximum limit for the native heap growth. Please use -XX:HeapBaseMinAddress
#     to set the Java Heap base and to place the Java Heap above 32GB virtual address.
# This output file may be truncated or incomplete.
#
#  Out of Memory Error (os_windows.cpp:3548), pid=2836, tid=22392
#
# JRE version:  (17.0.12+8) (build )
# Java VM: Java HotSpot(TM) 64-Bit Server VM (17.0.12+8-LTS-286, mixed mode, sharing, tiered, compressed oops, compressed class ptrs, g1 gc, windows-amd64)
# No core dump will be written. Minidumps are not enabled by default on client versions of Windows
#

---------------  S U M M A R Y ------------

Command Line: --enable-native-access=ALL-UNNAMED 

Host: AMD Ryzen 5 5600G with Radeon Graphics         , 12 cores, 13G,  Windows 11 , 64 bit Build 26100 (10.0.26100.4484)
Time: Mon Aug  4 01:32:24 2025 Hora est. Pacífico, Sudamérica elapsed time: 0.014760 seconds (0d 0h 0m 0s)

---------------  T H R E A D  ---------------

Current thread (0x00000203c5bb35c0):  JavaThread "Unknown thread" [_thread_in_vm, id=22392, stack(0x0000003db5500000,0x0000003db5600000)]

Stack: [0x0000003db5500000,0x0000003db5600000]
Native frames: (J=compiled Java code, j=interpreted, Vv=VM code, C=native code)
V  [jvm.dll+0x67a04a]
V  [jvm.dll+0x7da4ed]
V  [jvm.dll+0x7dbe33]
V  [jvm.dll+0x7dc4a3]
V  [jvm.dll+0x24508f]
V  [jvm.dll+0x677089]
V  [jvm.dll+0x66bd32]
V  [jvm.dll+0x301fa6]
V  [jvm.dll+0x309546]
V  [jvm.dll+0x359d2e]
V  [jvm.dll+0x359f5f]
V  [jvm.dll+0x2d9078]
V  [jvm.dll+0x2d9fe4]
V  [jvm.dll+0x7aca21]
V  [jvm.dll+0x367591]
V  [jvm.dll+0x78b999]
V  [jvm.dll+0x3ec83f]
V  [jvm.dll+0x3ee471]
C  [jli.dll+0x5297]
C  [ucrtbase.dll+0x37b0]
C  [KERNEL32.DLL+0x2e8d7]
C  [ntdll.dll+0x3c34c]


---------------  P R O C E S S  ---------------

Threads class SMR info:
_java_thread_list=0x00007fff18107a18, length=0, elements={
}

Java Threads: ( => current thread )

Other Threads:
  0x00000203e4d9cbc0 GCTaskThread "GC Thread#0" [stack: 0x0000003db5600000,0x0000003db5700000] [id=17108]
  0x00000203e4da7660 ConcurrentGCThread "G1 Main Marker" [stack: 0x0000003db5700000,0x0000003db5800000] [id=15420]
  0x00000203c5bfc470 ConcurrentGCThread "G1 Conc#0" [stack: 0x0000003db5800000,0x0000003db5900000] [id=4520]

[error occurred during error reporting (printing all threads), id 0xc0000005, EXCEPTION_ACCESS_VIOLATION (0xc0000005) at pc=0x00007fff17939b67]

VM state: not at safepoint (not fully initialized)

VM Mutex/Monitor currently owned by a thread:  ([mutex/lock_event])
[0x00000203c37ecbc0] Heap_lock - owner thread: 0x00000203c5bb35c0

Heap address: 0x0000000721a00000, size: 3558 MB, Compressed Oops mode: Zero based, Oop shift amount: 3

CDS archive(s) mapped at: [0x0000000000000000-0x0000000000000000-0x0000000000000000), size 0, SharedBaseAddress: 0x0000000800000000, ArchiveRelocationMode: 1.
Narrow klass base: 0x0000000000000000, Narrow klass shift: 0, Narrow klass range: 0x0

GC Precious Log:
<Empty>

Heap:
 garbage-first heap   total 0K, used 0K [0x0000000721a00000, 0x0000000800000000)
  region size 2048K, 0 young (0K), 0 survivors (0K)

[error occurred during error reporting (printing heap information), id 0xc0000005, EXCEPTION_ACCESS_VIOLATION (0xc0000005) at pc=0x00007fff17d23859]

GC Heap History (0 events):
No events

Deoptimization events (0 events):
No events

Classes unloaded (0 events):
No events

Classes redefined (0 events):
No events

Internal exceptions (0 events):
No events

VM Operations (0 events):
No events

Events (1 events):
Event: 0.008 Loaded shared library C:\Program Files\Java\jdk-17\bin\java.dll


Dynamic libraries:
0x00007ff6b7810000 - 0x00007ff6b7820000 	C:\Program Files\Java\jdk-17\bin\java.exe
0x00007ff848800000 - 0x00007ff848a68000 	C:\WINDOWS\SYSTEM32\ntdll.dll
0x00007ff847af0000 - 0x00007ff847bb9000 	C:\WINDOWS\System32\KERNEL32.DLL
0x00007ff845c80000 - 0x00007ff84606d000 	C:\WINDOWS\System32\KERNELBASE.dll
0x00007ff846390000 - 0x00007ff8464db000 	C:\WINDOWS\System32\ucrtbase.dll
0x00007fffec630000 - 0x00007fffec64b000 	C:\Program Files\Java\jdk-17\bin\VCRUNTIME140.dll
0x00007fffaec90000 - 0x00007fffaeca9000 	C:\Program Files\Java\jdk-17\bin\jli.dll
0x00007ff847850000 - 0x00007ff847904000 	C:\WINDOWS\System32\ADVAPI32.dll
0x00007ff8482a0000 - 0x00007ff848349000 	C:\WINDOWS\System32\msvcrt.dll
0x00007ff8474d0000 - 0x00007ff847576000 	C:\WINDOWS\System32\sechost.dll
0x00007ff848610000 - 0x00007ff848728000 	C:\WINDOWS\System32\RPCRT4.dll
0x00007ff847bc0000 - 0x00007ff847d8c000 	C:\WINDOWS\System32\USER32.dll
0x00007ff8264c0000 - 0x00007ff82675a000 	C:\WINDOWS\WinSxS\amd64_microsoft.windows.common-controls_6595b64144ccf1df_6.0.26100.4484_none_3e0e6d4ce32ef3b3\COMCTL32.dll
0x00007ff845c50000 - 0x00007ff845c77000 	C:\WINDOWS\System32\win32u.dll
0x00007ff847910000 - 0x00007ff84793b000 	C:\WINDOWS\System32\GDI32.dll
0x00007ff8461c0000 - 0x00007ff8462f7000 	C:\WINDOWS\System32\gdi32full.dll
0x00007ff846110000 - 0x00007ff8461b3000 	C:\WINDOWS\System32\msvcp_win.dll
0x00007ff83ebc0000 - 0x00007ff83ebcb000 	C:\WINDOWS\SYSTEM32\VERSION.dll
0x00007ff8485a0000 - 0x00007ff8485cf000 	C:\WINDOWS\System32\IMM32.DLL
0x00007ff81f3b0000 - 0x00007ff81f3e7000 	C:\Program Files\MacType\MacType64.dll
0x00007ff81f1d0000 - 0x00007ff81f34d000 	C:\Program Files\MacType\MacType64.Core.dll
0x00007ff841ef0000 - 0x00007ff842533000 	C:\WINDOWS\SYSTEM32\d2d1.dll
0x00007ff842540000 - 0x00007ff8427ab000 	C:\WINDOWS\SYSTEM32\dwrite.dll
0x00007ff846070000 - 0x00007ff846109000 	C:\WINDOWS\System32\bcryptPrimitives.dll
0x00007ff820890000 - 0x00007ff82089c000 	C:\Program Files\Java\jdk-17\bin\vcruntime140_1.dll
0x00007fff46800000 - 0x00007fff4688e000 	C:\Program Files\Java\jdk-17\bin\msvcp140.dll
0x00007fff17650000 - 0x00007fff18230000 	C:\Program Files\Java\jdk-17\bin\server\jvm.dll
0x00007ff847030000 - 0x00007ff847038000 	C:\WINDOWS\System32\PSAPI.DLL
0x00007ff825e50000 - 0x00007ff825e5a000 	C:\WINDOWS\SYSTEM32\WSOCK32.dll
0x00007ff848520000 - 0x00007ff848594000 	C:\WINDOWS\System32\WS2_32.dll
0x00007ff839480000 - 0x00007ff8394b5000 	C:\WINDOWS\SYSTEM32\WINMM.dll
0x00007ff8446b0000 - 0x00007ff8446cb000 	C:\WINDOWS\SYSTEM32\kernel.appcore.dll
0x00007ff81de40000 - 0x00007ff81de4a000 	C:\Program Files\Java\jdk-17\bin\jimage.dll
0x00007ff842b10000 - 0x00007ff842d51000 	C:\WINDOWS\SYSTEM32\DBGHELP.DLL
0x00007ff847f10000 - 0x00007ff848296000 	C:\WINDOWS\System32\combase.dll
0x00007ff848420000 - 0x00007ff848500000 	C:\WINDOWS\System32\OLEAUT32.dll
0x00007ff8260f0000 - 0x00007ff826133000 	C:\WINDOWS\SYSTEM32\dbgcore.DLL
0x00007fff51ce0000 - 0x00007fff51d05000 	C:\Program Files\Java\jdk-17\bin\java.dll

dbghelp: loaded successfully - version: 4.0.5 - missing functions: none
symbol engine: initialized successfully - sym options: 0x614 - pdb path: .;C:\Program Files\Java\jdk-17\bin;C:\WINDOWS\SYSTEM32;C:\WINDOWS\WinSxS\amd64_microsoft.windows.common-controls_6595b64144ccf1df_6.0.26100.4484_none_3e0e6d4ce32ef3b3;C:\Program Files\MacType;C:\Program Files\Java\jdk-17\bin\server

VM Arguments:
jvm_args: --enable-native-access=ALL-UNNAMED 
java_command: <unknown>
java_class_path (initial): <not set>
Launcher Type: SUN_STANDARD

[Global flags]
     intx CICompilerCount                          = 4                                         {product} {ergonomic}
     uint ConcGCThreads                            = 3                                         {product} {ergonomic}
     uint G1ConcRefinementThreads                  = 10                                        {product} {ergonomic}
   size_t G1HeapRegionSize                         = 2097152                                   {product} {ergonomic}
    uintx GCDrainStackTargetSize                   = 64                                        {product} {ergonomic}
   size_t InitialHeapSize                          = 234881024                                 {product} {ergonomic}
   size_t MarkStackSize                            = 4194304                                   {product} {ergonomic}
   size_t MaxHeapSize                              = 3730833408                                {product} {ergonomic}
   size_t MinHeapDeltaBytes                        = 2097152                                   {product} {ergonomic}
   size_t MinHeapSize                              = 8388608                                   {product} {ergonomic}
    uintx NonNMethodCodeHeapSize                   = 5839372                                {pd product} {ergonomic}
    uintx NonProfiledCodeHeapSize                  = 122909434                              {pd product} {ergonomic}
    uintx ProfiledCodeHeapSize                     = 122909434                              {pd product} {ergonomic}
    uintx ReservedCodeCacheSize                    = 251658240                              {pd product} {ergonomic}
     bool SegmentedCodeCache                       = true                                      {product} {ergonomic}
   size_t SoftMaxHeapSize                          = 3730833408                             {manageable} {ergonomic}
     bool UseCompressedClassPointers               = true                           {product lp64_product} {ergonomic}
     bool UseCompressedOops                        = true                           {product lp64_product} {ergonomic}
     bool UseG1GC                                  = true                                      {product} {ergonomic}
     bool UseLargePagesIndividualAllocation        = false                                  {pd product} {ergonomic}

Logging:
Log output configuration:
 #0: stdout all=warning uptime,level,tags
 #1: stderr all=off uptime,level,tags

Environment Variables:
JAVA_HOME=C:\Program Files\Java\jdk-17
PATH=C:\Program Files (x86)\oh-my-posh\bin\;c:\Users\USER\AppData\Local\Programs\cursor\resources\app\bin;C:\Program Files\Common Files\Oracle\Java\javapath;C:\WINDOWS\system32;C:\WINDOWS;C:\WINDOWS\System32\Wbem;C:\WINDOWS\System32\WindowsPowerShell\v1.0\;C:\WINDOWS\System32\OpenSSH\;C:\Program Files\Microchip\xc8\v2.36\bin;C:\Program Files\Docker\Docker\resources\bin;C:\Program Files (x86)\Certbot\bin;C:\ProgramData\chocolatey\bin;C:\Program Files\Git\cmd;C:\Users\USER\.console-ninja\.bin;C:\Program Files\MySQL\MySQL Shell 8.0\bin\;C:\Users\USER\AppData\Local\Microsoft\WindowsApps;C:\Users\USER\AppData\Local\GitHubDesktop\bin;C:\Program Files\JetBrains\IntelliJ IDEA 2023.3.2\bin;;C:\Users\USER\AppData\Roaming\npm;C:\Users\USER\AppData\Local\Programs\mongosh\;C:\Program Files\JetBrains\IntelliJ IDEA 2024.1\bin;c:\Users\USER\AppData\Local\Programs\cursor\resources\ap;C:\Program Files (x86)\NVIDIA Corporation\PhysX\Common;C:\Program Files\dotnet\;C:\Program Files\Vagrant\bin;C:\WINDOWS\system32;C:\WINDOWS;C:\WINDOWS\System32\Wbem;C:\WINDOWS\System32\WindowsPowerShell\v1.0\;C:\WINDOWS\System32\OpenSSH\;C:\Program Files\NVIDIA Corporation\NVIDIA App\NvDLISR;C:\Program Files (x86)\Microsoft SQL Server\160\Tools\Binn\;C:\Program Files\Microsoft SQL Server\160\Tools\Binn\;C:\Program Files\Microsoft SQL Server\Client SDK\ODBC\170\Tools\Binn\;C:\Program Files\Microsoft SQL Server\160\DTS\Binn\;C:\Program Files (x86)\Microsoft SQL Server\160\DTS\Binn\;C:\Program Files\WezTerm;C:\Program Files\nodejs\;C:\Program Files\Java\jdk-17\bin;C:\Users\USER\AppData\Local\Programs\Python\Python313\Scripts\;C:\Users\USER\AppData\Local\Programs\Python\Python313\;C:\Users\USER\AppData\Local\Programs\Python\Launcher\;c:\Users\USER\AppData\Local\Programs\Trae\bin;C:\Users\USER\AppData\Local\Programs\oh-my-posh\bin\;C:\Program Files\PostgreSQL\16\bin;c:\Users\USER\AppData\Local\Programs\cursor\resources\app\bin;C:\Program Files\Common Files\Oracle\Java\javapath;C:\WINDOWS\system32;C:\WINDOWS;C:\
USERNAME=USER
LANG=es_ES.UTF-8
OS=Windows_NT
PROCESSOR_IDENTIFIER=AMD64 Family 25 Model 80 Stepping 0, AuthenticAMD



---------------  S Y S T E M  ---------------

OS:
 Windows 11 , 64 bit Build 26100 (10.0.26100.4484)
OS uptime: 0 days 0:34 hours
Hyper-V role detected

CPU: total 12 (initial active 12) (12 cores per cpu, 2 threads per core) family 25 model 80 stepping 0 microcode 0xa50000c, cx8, cmov, fxsr, ht, mmx, 3dnowpref, sse, sse2, sse3, ssse3, sse4a, sse4.1, sse4.2, popcnt, lzcnt, tsc, tscinvbit, avx, avx2, aes, erms, clmul, bmi1, bmi2, adx, sha, fma, vzeroupper, clflush, clflushopt, hv

Memory: 4k page, system-wide physical 14229M (1845M free)
TotalPageFile size 25152M (AvailPageFile size 171M)
current process WorkingSet (physical memory assigned to process): 14M, peak: 14M
current process commit charge ("private bytes"): 66M, peak: 289M

vm_info: Java HotSpot(TM) 64-Bit Server VM (17.0.12+8-LTS-286) for windows-amd64 JRE (17.0.12+8-LTS-286), built on Jun  5 2024 06:46:59 by "mach5one" with MS VC++ 17.6 (VS2022)

END.
